{"/home/jcyl/projects/long-distance-friends/long-distance-friends-client/src/App.js": {"path":"/home/jcyl/projects/long-distance-friends/long-distance-friends-client/src/App.js","statementMap":{"0":{"start":{"line":17,"column":12},"end":{"line":94,"column":1}},"1":{"start":{"line":18,"column":17},"end":{"line":18,"column":30}},"2":{"start":{"line":20,"column":26},"end":{"line":20,"column":40}},"3":{"start":{"line":21,"column":42},"end":{"line":21,"column":54}},"4":{"start":{"line":23,"column":2},"end":{"line":29,"column":9}},"5":{"start":{"line":24,"column":21},"end":{"line":24,"column":56}},"6":{"start":{"line":25,"column":4},"end":{"line":28,"column":5}},"7":{"start":{"line":26,"column":19},"end":{"line":26,"column":39}},"8":{"start":{"line":27,"column":6},"end":{"line":27,"column":20}},"9":{"start":{"line":31,"column":22},"end":{"line":33,"column":3}},"10":{"start":{"line":32,"column":4},"end":{"line":32,"column":49}},"11":{"start":{"line":35,"column":23},"end":{"line":38,"column":3}},"12":{"start":{"line":36,"column":4},"end":{"line":36,"column":32}},"13":{"start":{"line":37,"column":4},"end":{"line":37,"column":18}},"14":{"start":{"line":40,"column":2},"end":{"line":93,"column":4}}},"fnMap":{"0":{"name":"(anonymous_0)","decl":{"start":{"line":17,"column":12},"end":{"line":17,"column":13}},"loc":{"start":{"line":17,"column":18},"end":{"line":94,"column":1}},"line":17},"1":{"name":"(anonymous_1)","decl":{"start":{"line":23,"column":12},"end":{"line":23,"column":13}},"loc":{"start":{"line":23,"column":18},"end":{"line":29,"column":3}},"line":23},"2":{"name":"(anonymous_2)","decl":{"start":{"line":31,"column":22},"end":{"line":31,"column":23}},"loc":{"start":{"line":31,"column":40},"end":{"line":33,"column":3}},"line":31},"3":{"name":"(anonymous_3)","decl":{"start":{"line":35,"column":23},"end":{"line":35,"column":24}},"loc":{"start":{"line":35,"column":29},"end":{"line":38,"column":3}},"line":35}},"branchMap":{"0":{"loc":{"start":{"line":25,"column":4},"end":{"line":28,"column":5}},"type":"if","locations":[{"start":{"line":25,"column":4},"end":{"line":28,"column":5}},{"start":{},"end":{}}],"line":25},"1":{"loc":{"start":{"line":32,"column":11},"end":{"line":32,"column":48}},"type":"cond-expr","locations":[{"start":{"line":32,"column":18},"end":{"line":32,"column":26}},{"start":{"line":32,"column":29},"end":{"line":32,"column":48}}],"line":32}},"s":{"0":1,"1":5,"2":0,"3":0,"4":0,"5":0,"6":0,"7":0,"8":0,"9":0,"10":0,"11":0,"12":0,"13":0,"14":0},"f":{"0":5,"1":0,"2":0,"3":0},"b":{"0":[0,0],"1":[0,0]},"_coverageSchema":"1a1c01bbd47fc00a2c39e90264f33305004495a9","hash":"c82f46e8e1d933e2826c472fbda153fcf0c6d3a9"}
,"/home/jcyl/projects/long-distance-friends/long-distance-friends-client/src/index.js": {"path":"/home/jcyl/projects/long-distance-friends/long-distance-friends-client/src/index.js","statementMap":{"0":{"start":{"line":7,"column":13},"end":{"line":7,"column":65}},"1":{"start":{"line":8,"column":0},"end":{"line":14,"column":2}}},"fnMap":{},"branchMap":{},"s":{"0":0,"1":0},"f":{},"b":{}}
,"/home/jcyl/projects/long-distance-friends/long-distance-friends-client/src/components/common/AvailabilityDisplay.js": {"path":"/home/jcyl/projects/long-distance-friends/long-distance-friends-client/src/components/common/AvailabilityDisplay.js","statementMap":{"0":{"start":{"line":4,"column":28},"end":{"line":55,"column":1}},"1":{"start":{"line":6,"column":27},"end":{"line":9,"column":3}},"2":{"start":{"line":7,"column":4},"end":{"line":7,"column":27}},"3":{"start":{"line":8,"column":4},"end":{"line":8,"column":84}},"4":{"start":{"line":8,"column":38},"end":{"line":8,"column":82}},"5":{"start":{"line":8,"column":63},"end":{"line":8,"column":81}},"6":{"start":{"line":11,"column":2},"end":{"line":54,"column":4}},"7":{"start":{"line":19,"column":12},"end":{"line":42,"column":14}},"8":{"start":{"line":28,"column":20},"end":{"line":32,"column":27}},"9":{"start":{"line":37,"column":33},"end":{"line":37,"column":60}},"10":{"start":{"line":49,"column":23},"end":{"line":49,"column":44}}},"fnMap":{"0":{"name":"(anonymous_0)","decl":{"start":{"line":4,"column":28},"end":{"line":4,"column":29}},"loc":{"start":{"line":4,"column":94},"end":{"line":55,"column":1}},"line":4},"1":{"name":"(anonymous_1)","decl":{"start":{"line":6,"column":27},"end":{"line":6,"column":28}},"loc":{"start":{"line":6,"column":37},"end":{"line":9,"column":3}},"line":6},"2":{"name":"(anonymous_2)","decl":{"start":{"line":8,"column":25},"end":{"line":8,"column":26}},"loc":{"start":{"line":8,"column":38},"end":{"line":8,"column":82}},"line":8},"3":{"name":"(anonymous_3)","decl":{"start":{"line":8,"column":55},"end":{"line":8,"column":56}},"loc":{"start":{"line":8,"column":63},"end":{"line":8,"column":81}},"line":8},"4":{"name":"(anonymous_4)","decl":{"start":{"line":18,"column":33},"end":{"line":18,"column":34}},"loc":{"start":{"line":18,"column":50},"end":{"line":43,"column":11}},"line":18},"5":{"name":"(anonymous_5)","decl":{"start":{"line":27,"column":33},"end":{"line":27,"column":34}},"loc":{"start":{"line":28,"column":20},"end":{"line":32,"column":27}},"line":28},"6":{"name":"(anonymous_6)","decl":{"start":{"line":37,"column":27},"end":{"line":37,"column":28}},"loc":{"start":{"line":37,"column":33},"end":{"line":37,"column":60}},"line":37},"7":{"name":"(anonymous_7)","decl":{"start":{"line":49,"column":17},"end":{"line":49,"column":18}},"loc":{"start":{"line":49,"column":23},"end":{"line":49,"column":44}},"line":49}},"branchMap":{},"s":{"0":1,"1":0,"2":0,"3":0,"4":0,"5":0,"6":0,"7":0,"8":0,"9":0,"10":0},"f":{"0":0,"1":0,"2":0,"3":0,"4":0,"5":0,"6":0,"7":0},"b":{},"_coverageSchema":"1a1c01bbd47fc00a2c39e90264f33305004495a9","hash":"c13b0f7630c77a530bd51e0af21a1649ceb97dd8"}
,"/home/jcyl/projects/long-distance-friends/long-distance-friends-client/src/components/common/AvailabilityPicker.js": {"path":"/home/jcyl/projects/long-distance-friends/long-distance-friends-client/src/components/common/AvailabilityPicker.js","statementMap":{"0":{"start":{"line":5,"column":27},"end":{"line":74,"column":1}},"1":{"start":{"line":6,"column":56},"end":{"line":6,"column":68}},"2":{"start":{"line":7,"column":56},"end":{"line":7,"column":68}},"3":{"start":{"line":9,"column":25},"end":{"line":12,"column":3}},"4":{"start":{"line":10,"column":18},"end":{"line":10,"column":45}},"5":{"start":{"line":11,"column":4},"end":{"line":11,"column":36}},"6":{"start":{"line":14,"column":27},"end":{"line":28,"column":3}},"7":{"start":{"line":15,"column":4},"end":{"line":15,"column":27}},"8":{"start":{"line":16,"column":4},"end":{"line":27,"column":5}},"9":{"start":{"line":19,"column":30},"end":{"line":24,"column":8}},"10":{"start":{"line":20,"column":8},"end":{"line":23,"column":10}},"11":{"start":{"line":25,"column":6},"end":{"line":25,"column":84}},"12":{"start":{"line":25,"column":40},"end":{"line":25,"column":82}},"13":{"start":{"line":26,"column":6},"end":{"line":26,"column":29}},"14":{"start":{"line":30,"column":2},"end":{"line":73,"column":4}},"15":{"start":{"line":39,"column":49},"end":{"line":39,"column":72}},"16":{"start":{"line":61,"column":25},"end":{"line":61,"column":43}},"17":{"start":{"line":66,"column":25},"end":{"line":66,"column":47}}},"fnMap":{"0":{"name":"(anonymous_0)","decl":{"start":{"line":5,"column":27},"end":{"line":5,"column":28}},"loc":{"start":{"line":5,"column":81},"end":{"line":74,"column":1}},"line":5},"1":{"name":"(anonymous_1)","decl":{"start":{"line":9,"column":25},"end":{"line":9,"column":26}},"loc":{"start":{"line":9,"column":39},"end":{"line":12,"column":3}},"line":9},"2":{"name":"(anonymous_2)","decl":{"start":{"line":14,"column":27},"end":{"line":14,"column":28}},"loc":{"start":{"line":14,"column":33},"end":{"line":28,"column":3}},"line":14},"3":{"name":"(anonymous_3)","decl":{"start":{"line":19,"column":54},"end":{"line":19,"column":55}},"loc":{"start":{"line":19,"column":62},"end":{"line":24,"column":7}},"line":19},"4":{"name":"(anonymous_4)","decl":{"start":{"line":25,"column":27},"end":{"line":25,"column":28}},"loc":{"start":{"line":25,"column":40},"end":{"line":25,"column":82}},"line":25},"5":{"name":"(anonymous_5)","decl":{"start":{"line":39,"column":22},"end":{"line":39,"column":23}},"loc":{"start":{"line":39,"column":49},"end":{"line":39,"column":72}},"line":39},"6":{"name":"(anonymous_6)","decl":{"start":{"line":61,"column":19},"end":{"line":61,"column":20}},"loc":{"start":{"line":61,"column":25},"end":{"line":61,"column":43}},"line":61},"7":{"name":"(anonymous_7)","decl":{"start":{"line":66,"column":19},"end":{"line":66,"column":20}},"loc":{"start":{"line":66,"column":25},"end":{"line":66,"column":47}},"line":66}},"branchMap":{"0":{"loc":{"start":{"line":16,"column":4},"end":{"line":27,"column":5}},"type":"if","locations":[{"start":{"line":16,"column":4},"end":{"line":27,"column":5}},{"start":{},"end":{}}],"line":16},"1":{"loc":{"start":{"line":16,"column":8},"end":{"line":16,"column":72}},"type":"binary-expr","locations":[{"start":{"line":16,"column":8},"end":{"line":16,"column":38}},{"start":{"line":16,"column":42},"end":{"line":16,"column":72}}],"line":16}},"s":{"0":1,"1":0,"2":0,"3":0,"4":0,"5":0,"6":0,"7":0,"8":0,"9":0,"10":0,"11":0,"12":0,"13":0,"14":0,"15":0,"16":0,"17":0},"f":{"0":0,"1":0,"2":0,"3":0,"4":0,"5":0,"6":0,"7":0},"b":{"0":[0,0],"1":[0,0]},"_coverageSchema":"1a1c01bbd47fc00a2c39e90264f33305004495a9","hash":"34a4e907f458759247060aaab7610f7495d16231"}
,"/home/jcyl/projects/long-distance-friends/long-distance-friends-client/src/components/common/FriendCard.js": {"path":"/home/jcyl/projects/long-distance-friends/long-distance-friends-client/src/components/common/FriendCard.js","statementMap":{"0":{"start":{"line":4,"column":19},"end":{"line":20,"column":1}},"1":{"start":{"line":5,"column":2},"end":{"line":19,"column":4}}},"fnMap":{"0":{"name":"(anonymous_0)","decl":{"start":{"line":4,"column":19},"end":{"line":4,"column":20}},"loc":{"start":{"line":4,"column":35},"end":{"line":20,"column":1}},"line":4}},"branchMap":{},"s":{"0":1,"1":0},"f":{"0":0},"b":{},"_coverageSchema":"1a1c01bbd47fc00a2c39e90264f33305004495a9","hash":"e1c0a380fc59e10e8ad78f4475ef956adaa16d46"}
,"/home/jcyl/projects/long-distance-friends/long-distance-friends-client/src/components/common/Navbar.js": {"path":"/home/jcyl/projects/long-distance-friends/long-distance-friends-client/src/components/common/Navbar.js","statementMap":{"0":{"start":{"line":6,"column":15},"end":{"line":43,"column":1}},"1":{"start":{"line":11,"column":2},"end":{"line":13,"column":4}},"2":{"start":{"line":15,"column":23},"end":{"line":23,"column":3}},"3":{"start":{"line":16,"column":4},"end":{"line":22,"column":6}},"4":{"start":{"line":25,"column":22},"end":{"line":33,"column":3}},"5":{"start":{"line":26,"column":4},"end":{"line":32,"column":6}},"6":{"start":{"line":35,"column":2},"end":{"line":42,"column":4}}},"fnMap":{"0":{"name":"(anonymous_0)","decl":{"start":{"line":6,"column":15},"end":{"line":6,"column":16}},"loc":{"start":{"line":9,"column":6},"end":{"line":43,"column":1}},"line":9},"1":{"name":"(anonymous_1)","decl":{"start":{"line":15,"column":23},"end":{"line":15,"column":24}},"loc":{"start":{"line":15,"column":29},"end":{"line":23,"column":3}},"line":15},"2":{"name":"(anonymous_2)","decl":{"start":{"line":25,"column":22},"end":{"line":25,"column":23}},"loc":{"start":{"line":25,"column":28},"end":{"line":33,"column":3}},"line":25}},"branchMap":{"0":{"loc":{"start":{"line":40,"column":7},"end":{"line":40,"column":45}},"type":"cond-expr","locations":[{"start":{"line":40,"column":15},"end":{"line":40,"column":29}},{"start":{"line":40,"column":32},"end":{"line":40,"column":45}}],"line":40}},"s":{"0":1,"1":0,"2":0,"3":0,"4":0,"5":0,"6":0},"f":{"0":0,"1":0,"2":0},"b":{"0":[0,0]},"_coverageSchema":"1a1c01bbd47fc00a2c39e90264f33305004495a9","hash":"7bacc3ebc9b3a59a15ad259360d7b5e7f7d3b038"}
,"/home/jcyl/projects/long-distance-friends/long-distance-friends-client/src/components/common/Notification.js": {"path":"/home/jcyl/projects/long-distance-friends/long-distance-friends-client/src/components/common/Notification.js","statementMap":{"0":{"start":{"line":3,"column":21},"end":{"line":14,"column":1}},"1":{"start":{"line":4,"column":2},"end":{"line":13,"column":3}},"2":{"start":{"line":5,"column":4},"end":{"line":9,"column":6}},"3":{"start":{"line":12,"column":4},"end":{"line":12,"column":16}}},"fnMap":{"0":{"name":"(anonymous_0)","decl":{"start":{"line":3,"column":21},"end":{"line":3,"column":22}},"loc":{"start":{"line":3,"column":43},"end":{"line":14,"column":1}},"line":3}},"branchMap":{"0":{"loc":{"start":{"line":4,"column":2},"end":{"line":13,"column":3}},"type":"if","locations":[{"start":{"line":4,"column":2},"end":{"line":13,"column":3}},{"start":{"line":11,"column":7},"end":{"line":13,"column":3}}],"line":4}},"s":{"0":1,"1":0,"2":0,"3":0},"f":{"0":0},"b":{"0":[0,0]},"_coverageSchema":"1a1c01bbd47fc00a2c39e90264f33305004495a9","hash":"2f802ee37fc19c9ff5b98bb33b74ca03eb8724d4"}
,"/home/jcyl/projects/long-distance-friends/long-distance-friends-client/src/components/common/TimePicker.js": {"path":"/home/jcyl/projects/long-distance-friends/long-distance-friends-client/src/components/common/TimePicker.js","statementMap":{"0":{"start":{"line":4,"column":19},"end":{"line":82,"column":1}},"1":{"start":{"line":5,"column":44},"end":{"line":5,"column":56}},"2":{"start":{"line":7,"column":20},"end":{"line":7,"column":27}},"3":{"start":{"line":8,"column":18},"end":{"line":8,"column":25}},"4":{"start":{"line":9,"column":18},"end":{"line":9,"column":25}},"5":{"start":{"line":11,"column":23},"end":{"line":11,"column":70}},"6":{"start":{"line":13,"column":25},"end":{"line":25,"column":3}},"7":{"start":{"line":14,"column":4},"end":{"line":14,"column":27}},"8":{"start":{"line":15,"column":4},"end":{"line":24,"column":5}},"9":{"start":{"line":17,"column":6},"end":{"line":17,"column":52}},"10":{"start":{"line":18,"column":6},"end":{"line":18,"column":63}},"11":{"start":{"line":22,"column":6},"end":{"line":22,"column":69}},"12":{"start":{"line":22,"column":52},"end":{"line":22,"column":66}},"13":{"start":{"line":23,"column":6},"end":{"line":23,"column":80}},"14":{"start":{"line":23,"column":64},"end":{"line":23,"column":77}},"15":{"start":{"line":27,"column":25},"end":{"line":38,"column":3}},"16":{"start":{"line":28,"column":4},"end":{"line":37,"column":6}},"17":{"start":{"line":33,"column":23},"end":{"line":33,"column":57}},"18":{"start":{"line":40,"column":28},"end":{"line":43,"column":3}},"19":{"start":{"line":45,"column":30},"end":{"line":47,"column":3}},"20":{"start":{"line":49,"column":2},"end":{"line":81,"column":4}},"21":{"start":{"line":57,"column":10},"end":{"line":59,"column":11}},"22":{"start":{"line":58,"column":12},"end":{"line":58,"column":75}},"23":{"start":{"line":63,"column":10},"end":{"line":65,"column":11}},"24":{"start":{"line":64,"column":12},"end":{"line":64,"column":75}},"25":{"start":{"line":69,"column":10},"end":{"line":71,"column":11}},"26":{"start":{"line":70,"column":12},"end":{"line":70,"column":75}},"27":{"start":{"line":75,"column":10},"end":{"line":77,"column":11}},"28":{"start":{"line":76,"column":12},"end":{"line":76,"column":75}}},"fnMap":{"0":{"name":"(anonymous_0)","decl":{"start":{"line":4,"column":19},"end":{"line":4,"column":20}},"loc":{"start":{"line":4,"column":72},"end":{"line":82,"column":1}},"line":4},"1":{"name":"(anonymous_1)","decl":{"start":{"line":13,"column":25},"end":{"line":13,"column":26}},"loc":{"start":{"line":13,"column":49},"end":{"line":25,"column":3}},"line":13},"2":{"name":"(anonymous_2)","decl":{"start":{"line":22,"column":44},"end":{"line":22,"column":45}},"loc":{"start":{"line":22,"column":52},"end":{"line":22,"column":66}},"line":22},"3":{"name":"(anonymous_3)","decl":{"start":{"line":23,"column":56},"end":{"line":23,"column":57}},"loc":{"start":{"line":23,"column":64},"end":{"line":23,"column":77}},"line":23},"4":{"name":"(anonymous_4)","decl":{"start":{"line":27,"column":25},"end":{"line":27,"column":26}},"loc":{"start":{"line":27,"column":44},"end":{"line":38,"column":3}},"line":27},"5":{"name":"(anonymous_5)","decl":{"start":{"line":33,"column":17},"end":{"line":33,"column":18}},"loc":{"start":{"line":33,"column":23},"end":{"line":33,"column":57}},"line":33},"6":{"name":"(anonymous_6)","decl":{"start":{"line":56,"column":26},"end":{"line":56,"column":27}},"loc":{"start":{"line":56,"column":43},"end":{"line":60,"column":9}},"line":56},"7":{"name":"(anonymous_7)","decl":{"start":{"line":62,"column":26},"end":{"line":62,"column":27}},"loc":{"start":{"line":62,"column":43},"end":{"line":66,"column":9}},"line":62},"8":{"name":"(anonymous_8)","decl":{"start":{"line":68,"column":26},"end":{"line":68,"column":27}},"loc":{"start":{"line":68,"column":43},"end":{"line":72,"column":9}},"line":68},"9":{"name":"(anonymous_9)","decl":{"start":{"line":74,"column":26},"end":{"line":74,"column":27}},"loc":{"start":{"line":74,"column":43},"end":{"line":78,"column":9}},"line":74}},"branchMap":{"0":{"loc":{"start":{"line":15,"column":4},"end":{"line":24,"column":5}},"type":"if","locations":[{"start":{"line":15,"column":4},"end":{"line":24,"column":5}},{"start":{"line":20,"column":9},"end":{"line":24,"column":5}}],"line":15},"1":{"loc":{"start":{"line":32,"column":15},"end":{"line":32,"column":86}},"type":"cond-expr","locations":[{"start":{"line":32,"column":47},"end":{"line":32,"column":64}},{"start":{"line":32,"column":67},"end":{"line":32,"column":86}}],"line":32},"2":{"loc":{"start":{"line":57,"column":10},"end":{"line":59,"column":11}},"type":"if","locations":[{"start":{"line":57,"column":10},"end":{"line":59,"column":11}},{"start":{},"end":{}}],"line":57},"3":{"loc":{"start":{"line":63,"column":10},"end":{"line":65,"column":11}},"type":"if","locations":[{"start":{"line":63,"column":10},"end":{"line":65,"column":11}},{"start":{},"end":{}}],"line":63},"4":{"loc":{"start":{"line":63,"column":14},"end":{"line":63,"column":47}},"type":"binary-expr","locations":[{"start":{"line":63,"column":14},"end":{"line":63,"column":28}},{"start":{"line":63,"column":32},"end":{"line":63,"column":47}}],"line":63},"5":{"loc":{"start":{"line":69,"column":10},"end":{"line":71,"column":11}},"type":"if","locations":[{"start":{"line":69,"column":10},"end":{"line":71,"column":11}},{"start":{},"end":{}}],"line":69},"6":{"loc":{"start":{"line":69,"column":14},"end":{"line":69,"column":47}},"type":"binary-expr","locations":[{"start":{"line":69,"column":14},"end":{"line":69,"column":28}},{"start":{"line":69,"column":32},"end":{"line":69,"column":47}}],"line":69},"7":{"loc":{"start":{"line":75,"column":10},"end":{"line":77,"column":11}},"type":"if","locations":[{"start":{"line":75,"column":10},"end":{"line":77,"column":11}},{"start":{},"end":{}}],"line":75},"8":{"loc":{"start":{"line":75,"column":14},"end":{"line":75,"column":47}},"type":"binary-expr","locations":[{"start":{"line":75,"column":14},"end":{"line":75,"column":28}},{"start":{"line":75,"column":32},"end":{"line":75,"column":47}}],"line":75}},"s":{"0":1,"1":0,"2":0,"3":0,"4":0,"5":0,"6":0,"7":0,"8":0,"9":0,"10":0,"11":0,"12":0,"13":0,"14":0,"15":0,"16":0,"17":0,"18":0,"19":0,"20":0,"21":0,"22":0,"23":0,"24":0,"25":0,"26":0,"27":0,"28":0},"f":{"0":0,"1":0,"2":0,"3":0,"4":0,"5":0,"6":0,"7":0,"8":0,"9":0},"b":{"0":[0,0],"1":[0,0],"2":[0,0],"3":[0,0],"4":[0,0],"5":[0,0],"6":[0,0],"7":[0,0],"8":[0,0]},"_coverageSchema":"1a1c01bbd47fc00a2c39e90264f33305004495a9","hash":"41b6f28b762b171ad33f207977c831b1fb284b0b"}
,"/home/jcyl/projects/long-distance-friends/long-distance-friends-client/src/components/common/TimeUtils.js": {"path":"/home/jcyl/projects/long-distance-friends/long-distance-friends-client/src/components/common/TimeUtils.js","statementMap":{"0":{"start":{"line":1,"column":31},"end":{"line":1,"column":47}},"1":{"start":{"line":3,"column":30},"end":{"line":17,"column":1}},"2":{"start":{"line":4,"column":20},"end":{"line":4,"column":35}},"3":{"start":{"line":5,"column":18},"end":{"line":5,"column":31}},"4":{"start":{"line":7,"column":23},"end":{"line":7,"column":78}},"5":{"start":{"line":9,"column":21},"end":{"line":9,"column":92}},"6":{"start":{"line":11,"column":19},"end":{"line":14,"column":3}},"7":{"start":{"line":16,"column":2},"end":{"line":16,"column":18}},"8":{"start":{"line":19,"column":32},"end":{"line":27,"column":1}},"9":{"start":{"line":20,"column":18},"end":{"line":20,"column":26}},"10":{"start":{"line":21,"column":20},"end":{"line":24,"column":4}},"11":{"start":{"line":22,"column":19},"end":{"line":22,"column":40}},"12":{"start":{"line":23,"column":4},"end":{"line":23,"column":66}},"13":{"start":{"line":25,"column":2},"end":{"line":25,"column":27}},"14":{"start":{"line":26,"column":2},"end":{"line":26,"column":21}},"15":{"start":{"line":29,"column":30},"end":{"line":41,"column":1}},"16":{"start":{"line":30,"column":20},"end":{"line":30,"column":73}},"17":{"start":{"line":31,"column":18},"end":{"line":31,"column":69}},"18":{"start":{"line":33,"column":24},"end":{"line":33,"column":56}},"19":{"start":{"line":34,"column":22},"end":{"line":34,"column":52}},"20":{"start":{"line":36,"column":20},"end":{"line":39,"column":3}},"21":{"start":{"line":40,"column":2},"end":{"line":40,"column":19}},"22":{"start":{"line":43,"column":27},"end":{"line":55,"column":1}},"23":{"start":{"line":44,"column":18},"end":{"line":44,"column":57}},"24":{"start":{"line":45,"column":16},"end":{"line":45,"column":53}},"25":{"start":{"line":46,"column":27},"end":{"line":46,"column":56}},"26":{"start":{"line":48,"column":20},"end":{"line":48,"column":22}},"27":{"start":{"line":49,"column":21},"end":{"line":49,"column":28}},"28":{"start":{"line":50,"column":2},"end":{"line":53,"column":3}},"29":{"start":{"line":51,"column":4},"end":{"line":51,"column":53}},"30":{"start":{"line":52,"column":4},"end":{"line":52,"column":55}},"31":{"start":{"line":54,"column":2},"end":{"line":54,"column":21}},"32":{"start":{"line":57,"column":0},"end":{"line":62,"column":2}}},"fnMap":{"0":{"name":"(anonymous_0)","decl":{"start":{"line":3,"column":30},"end":{"line":3,"column":31}},"loc":{"start":{"line":3,"column":51},"end":{"line":17,"column":1}},"line":3},"1":{"name":"(anonymous_1)","decl":{"start":{"line":19,"column":32},"end":{"line":19,"column":33}},"loc":{"start":{"line":19,"column":51},"end":{"line":27,"column":1}},"line":19},"2":{"name":"(anonymous_2)","decl":{"start":{"line":21,"column":34},"end":{"line":21,"column":35}},"loc":{"start":{"line":21,"column":42},"end":{"line":24,"column":3}},"line":21},"3":{"name":"(anonymous_3)","decl":{"start":{"line":29,"column":30},"end":{"line":29,"column":31}},"loc":{"start":{"line":29,"column":51},"end":{"line":41,"column":1}},"line":29},"4":{"name":"(anonymous_4)","decl":{"start":{"line":43,"column":27},"end":{"line":43,"column":28}},"loc":{"start":{"line":43,"column":60},"end":{"line":55,"column":1}},"line":43}},"branchMap":{},"s":{"0":1,"1":1,"2":0,"3":0,"4":0,"5":0,"6":0,"7":0,"8":1,"9":0,"10":0,"11":0,"12":0,"13":0,"14":0,"15":1,"16":0,"17":0,"18":0,"19":0,"20":0,"21":0,"22":1,"23":0,"24":0,"25":0,"26":0,"27":0,"28":0,"29":0,"30":0,"31":0,"32":1},"f":{"0":0,"1":0,"2":0,"3":0,"4":0},"b":{},"_coverageSchema":"1a1c01bbd47fc00a2c39e90264f33305004495a9","hash":"e4437a5ccf5f473103bf0f69ffd9a123184791e6"}
,"/home/jcyl/projects/long-distance-friends/long-distance-friends-client/src/components/common/Togglable.js": {"path":"/home/jcyl/projects/long-distance-friends/long-distance-friends-client/src/components/common/Togglable.js","statementMap":{"0":{"start":{"line":4,"column":18},"end":{"line":37,"column":2}},"1":{"start":{"line":5,"column":2},"end":{"line":5,"column":38}},"2":{"start":{"line":7,"column":32},"end":{"line":7,"column":47}},"3":{"start":{"line":9,"column":26},"end":{"line":9,"column":60}},"4":{"start":{"line":10,"column":26},"end":{"line":10,"column":60}},"5":{"start":{"line":12,"column":27},"end":{"line":14,"column":3}},"6":{"start":{"line":13,"column":4},"end":{"line":13,"column":25}},"7":{"start":{"line":16,"column":2},"end":{"line":20,"column":5}},"8":{"start":{"line":17,"column":4},"end":{"line":19,"column":6}},"9":{"start":{"line":22,"column":2},"end":{"line":24,"column":4}},"10":{"start":{"line":26,"column":2},"end":{"line":36,"column":4}}},"fnMap":{"0":{"name":"(anonymous_0)","decl":{"start":{"line":4,"column":29},"end":{"line":4,"column":30}},"loc":{"start":{"line":4,"column":45},"end":{"line":37,"column":1}},"line":4},"1":{"name":"(anonymous_1)","decl":{"start":{"line":12,"column":27},"end":{"line":12,"column":28}},"loc":{"start":{"line":12,"column":33},"end":{"line":14,"column":3}},"line":12},"2":{"name":"(anonymous_2)","decl":{"start":{"line":16,"column":27},"end":{"line":16,"column":28}},"loc":{"start":{"line":16,"column":33},"end":{"line":20,"column":3}},"line":16}},"branchMap":{"0":{"loc":{"start":{"line":9,"column":37},"end":{"line":9,"column":58}},"type":"cond-expr","locations":[{"start":{"line":9,"column":47},"end":{"line":9,"column":53}},{"start":{"line":9,"column":56},"end":{"line":9,"column":58}}],"line":9},"1":{"loc":{"start":{"line":10,"column":37},"end":{"line":10,"column":58}},"type":"cond-expr","locations":[{"start":{"line":10,"column":47},"end":{"line":10,"column":49}},{"start":{"line":10,"column":52},"end":{"line":10,"column":58}}],"line":10}},"s":{"0":1,"1":0,"2":0,"3":0,"4":0,"5":0,"6":0,"7":0,"8":0,"9":0,"10":0},"f":{"0":0,"1":0,"2":0},"b":{"0":[0,0],"1":[0,0]},"_coverageSchema":"1a1c01bbd47fc00a2c39e90264f33305004495a9","hash":"6ff8a55ad712714361434545445096856dfc049c"}
,"/home/jcyl/projects/long-distance-friends/long-distance-friends-client/src/components/common/WindowPicker.js": {"path":"/home/jcyl/projects/long-distance-friends/long-distance-friends-client/src/components/common/WindowPicker.js","statementMap":{"0":{"start":{"line":5,"column":21},"end":{"line":62,"column":1}},"1":{"start":{"line":7,"column":17},"end":{"line":7,"column":30}},"2":{"start":{"line":9,"column":26},"end":{"line":33,"column":3}},"3":{"start":{"line":11,"column":21},"end":{"line":11,"column":23}},"4":{"start":{"line":12,"column":4},"end":{"line":18,"column":5}},"5":{"start":{"line":13,"column":6},"end":{"line":13,"column":41}},"6":{"start":{"line":16,"column":6},"end":{"line":16,"column":30}},"7":{"start":{"line":17,"column":6},"end":{"line":17,"column":18}},"8":{"start":{"line":20,"column":25},"end":{"line":23,"column":5}},"9":{"start":{"line":26,"column":29},"end":{"line":26,"column":74}},"10":{"start":{"line":28,"column":4},"end":{"line":30,"column":7}},"11":{"start":{"line":29,"column":6},"end":{"line":29,"column":51}},"12":{"start":{"line":31,"column":4},"end":{"line":31,"column":27}},"13":{"start":{"line":36,"column":2},"end":{"line":45,"column":4}},"14":{"start":{"line":37,"column":16},"end":{"line":37,"column":37}},"15":{"start":{"line":38,"column":18},"end":{"line":38,"column":60}},"16":{"start":{"line":39,"column":14},"end":{"line":39,"column":35}},"17":{"start":{"line":41,"column":4},"end":{"line":41,"column":40}},"18":{"start":{"line":41,"column":20},"end":{"line":41,"column":40}},"19":{"start":{"line":42,"column":4},"end":{"line":42,"column":46}},"20":{"start":{"line":42,"column":22},"end":{"line":42,"column":46}},"21":{"start":{"line":44,"column":4},"end":{"line":44,"column":39}},"22":{"start":{"line":47,"column":2},"end":{"line":61,"column":4}},"23":{"start":{"line":50,"column":43},"end":{"line":50,"column":81}}},"fnMap":{"0":{"name":"(anonymous_0)","decl":{"start":{"line":5,"column":21},"end":{"line":5,"column":22}},"loc":{"start":{"line":5,"column":63},"end":{"line":62,"column":1}},"line":5},"1":{"name":"(anonymous_1)","decl":{"start":{"line":9,"column":26},"end":{"line":9,"column":27}},"loc":{"start":{"line":9,"column":53},"end":{"line":33,"column":3}},"line":9},"2":{"name":"(anonymous_2)","decl":{"start":{"line":28,"column":13},"end":{"line":28,"column":14}},"loc":{"start":{"line":28,"column":26},"end":{"line":30,"column":5}},"line":28},"3":{"name":"(anonymous_3)","decl":{"start":{"line":36,"column":33},"end":{"line":36,"column":34}},"loc":{"start":{"line":36,"column":45},"end":{"line":45,"column":3}},"line":36},"4":{"name":"(anonymous_4)","decl":{"start":{"line":50,"column":16},"end":{"line":50,"column":17}},"loc":{"start":{"line":50,"column":43},"end":{"line":50,"column":81}},"line":50}},"branchMap":{"0":{"loc":{"start":{"line":12,"column":4},"end":{"line":18,"column":5}},"type":"if","locations":[{"start":{"line":12,"column":4},"end":{"line":18,"column":5}},{"start":{"line":15,"column":9},"end":{"line":18,"column":5}}],"line":12},"1":{"loc":{"start":{"line":39,"column":14},"end":{"line":39,"column":35}},"type":"cond-expr","locations":[{"start":{"line":39,"column":26},"end":{"line":39,"column":29}},{"start":{"line":39,"column":32},"end":{"line":39,"column":35}}],"line":39},"2":{"loc":{"start":{"line":41,"column":4},"end":{"line":41,"column":40}},"type":"if","locations":[{"start":{"line":41,"column":4},"end":{"line":41,"column":40}},{"start":{},"end":{}}],"line":41},"3":{"loc":{"start":{"line":42,"column":4},"end":{"line":42,"column":46}},"type":"if","locations":[{"start":{"line":42,"column":4},"end":{"line":42,"column":46}},{"start":{},"end":{}}],"line":42}},"s":{"0":1,"1":0,"2":0,"3":0,"4":0,"5":0,"6":0,"7":0,"8":0,"9":0,"10":0,"11":0,"12":0,"13":0,"14":0,"15":0,"16":0,"17":0,"18":0,"19":0,"20":0,"21":0,"22":0,"23":0},"f":{"0":0,"1":0,"2":0,"3":0,"4":0},"b":{"0":[0,0],"1":[0,0],"2":[0,0],"3":[0,0]},"_coverageSchema":"1a1c01bbd47fc00a2c39e90264f33305004495a9","hash":"bff2d7b6dc9694c60f9bad9ccb5b4203f6524cec"}
,"/home/jcyl/projects/long-distance-friends/long-distance-friends-client/src/components/home/Group.js": {"path":"/home/jcyl/projects/long-distance-friends/long-distance-friends-client/src/components/home/Group.js","statementMap":{"0":{"start":{"line":9,"column":14},"end":{"line":88,"column":1}},"1":{"start":{"line":10,"column":32},"end":{"line":10,"column":44}},"2":{"start":{"line":11,"column":34},"end":{"line":11,"column":46}},"3":{"start":{"line":12,"column":20},"end":{"line":12,"column":28}},"4":{"start":{"line":14,"column":2},"end":{"line":17,"column":9}},"5":{"start":{"line":15,"column":4},"end":{"line":15,"column":30}},"6":{"start":{"line":16,"column":4},"end":{"line":16,"column":32}},"7":{"start":{"line":19,"column":20},"end":{"line":30,"column":3}},"8":{"start":{"line":20,"column":4},"end":{"line":20,"column":41}},"9":{"start":{"line":23,"column":4},"end":{"line":29,"column":5}},"10":{"start":{"line":24,"column":24},"end":{"line":24,"column":77}},"11":{"start":{"line":25,"column":6},"end":{"line":25,"column":44}},"12":{"start":{"line":28,"column":6},"end":{"line":28,"column":25}},"13":{"start":{"line":32,"column":30},"end":{"line":40,"column":3}},"14":{"start":{"line":33,"column":4},"end":{"line":39,"column":5}},"15":{"start":{"line":34,"column":6},"end":{"line":34,"column":57}},"16":{"start":{"line":35,"column":6},"end":{"line":35,"column":59}},"17":{"start":{"line":35,"column":42},"end":{"line":35,"column":56}},"18":{"start":{"line":38,"column":6},"end":{"line":38,"column":25}},"19":{"start":{"line":42,"column":2},"end":{"line":87,"column":4}},"20":{"start":{"line":57,"column":10},"end":{"line":57,"column":56}},"21":{"start":{"line":66,"column":10},"end":{"line":71,"column":12}},"22":{"start":{"line":77,"column":25},"end":{"line":77,"column":38}},"23":{"start":{"line":82,"column":25},"end":{"line":82,"column":44}}},"fnMap":{"0":{"name":"(anonymous_0)","decl":{"start":{"line":9,"column":14},"end":{"line":9,"column":15}},"loc":{"start":{"line":9,"column":63},"end":{"line":88,"column":1}},"line":9},"1":{"name":"(anonymous_1)","decl":{"start":{"line":14,"column":12},"end":{"line":14,"column":13}},"loc":{"start":{"line":14,"column":18},"end":{"line":17,"column":3}},"line":14},"2":{"name":"(anonymous_2)","decl":{"start":{"line":19,"column":20},"end":{"line":19,"column":21}},"loc":{"start":{"line":19,"column":42},"end":{"line":30,"column":3}},"line":19},"3":{"name":"(anonymous_3)","decl":{"start":{"line":32,"column":30},"end":{"line":32,"column":31}},"loc":{"start":{"line":32,"column":44},"end":{"line":40,"column":3}},"line":32},"4":{"name":"(anonymous_4)","decl":{"start":{"line":35,"column":34},"end":{"line":35,"column":35}},"loc":{"start":{"line":35,"column":42},"end":{"line":35,"column":56}},"line":35},"5":{"name":"(anonymous_5)","decl":{"start":{"line":56,"column":21},"end":{"line":56,"column":22}},"loc":{"start":{"line":57,"column":10},"end":{"line":57,"column":56}},"line":57},"6":{"name":"(anonymous_6)","decl":{"start":{"line":65,"column":22},"end":{"line":65,"column":23}},"loc":{"start":{"line":66,"column":10},"end":{"line":71,"column":12}},"line":66},"7":{"name":"(anonymous_7)","decl":{"start":{"line":77,"column":19},"end":{"line":77,"column":20}},"loc":{"start":{"line":77,"column":25},"end":{"line":77,"column":38}},"line":77},"8":{"name":"(anonymous_8)","decl":{"start":{"line":82,"column":19},"end":{"line":82,"column":20}},"loc":{"start":{"line":82,"column":25},"end":{"line":82,"column":44}},"line":82}},"branchMap":{},"s":{"0":1,"1":0,"2":0,"3":0,"4":0,"5":0,"6":0,"7":0,"8":0,"9":0,"10":0,"11":0,"12":0,"13":0,"14":0,"15":0,"16":0,"17":0,"18":0,"19":0,"20":0,"21":0,"22":0,"23":0},"f":{"0":0,"1":0,"2":0,"3":0,"4":0,"5":0,"6":0,"7":0,"8":0},"b":{},"_coverageSchema":"1a1c01bbd47fc00a2c39e90264f33305004495a9","hash":"cd4c7b0043442f7c97da24cfdf910260b9dcb105"}
,"/home/jcyl/projects/long-distance-friends/long-distance-friends-client/src/components/home/GroupButton.js": {"path":"/home/jcyl/projects/long-distance-friends/long-distance-friends-client/src/components/home/GroupButton.js","statementMap":{"0":{"start":{"line":3,"column":20},"end":{"line":11,"column":1}},"1":{"start":{"line":4,"column":2},"end":{"line":10,"column":4}},"2":{"start":{"line":6,"column":45},"end":{"line":6,"column":71}}},"fnMap":{"0":{"name":"(anonymous_0)","decl":{"start":{"line":3,"column":20},"end":{"line":3,"column":21}},"loc":{"start":{"line":3,"column":53},"end":{"line":11,"column":1}},"line":3},"1":{"name":"(anonymous_1)","decl":{"start":{"line":6,"column":39},"end":{"line":6,"column":40}},"loc":{"start":{"line":6,"column":45},"end":{"line":6,"column":71}},"line":6}},"branchMap":{},"s":{"0":1,"1":0,"2":0},"f":{"0":0,"1":0},"b":{},"_coverageSchema":"1a1c01bbd47fc00a2c39e90264f33305004495a9","hash":"867e648d44c5745748732c23c02c9d7fa7889851"}
,"/home/jcyl/projects/long-distance-friends/long-distance-friends-client/src/components/home/GroupForm.js": {"path":"/home/jcyl/projects/long-distance-friends/long-distance-friends-client/src/components/home/GroupForm.js","statementMap":{"0":{"start":{"line":3,"column":24},"end":{"line":37,"column":1}},"1":{"start":{"line":4,"column":36},"end":{"line":4,"column":48}},"2":{"start":{"line":6,"column":25},"end":{"line":12,"column":3}},"3":{"start":{"line":7,"column":4},"end":{"line":7,"column":27}},"4":{"start":{"line":8,"column":4},"end":{"line":8,"column":34}},"5":{"start":{"line":11,"column":4},"end":{"line":11,"column":21}},"6":{"start":{"line":14,"column":2},"end":{"line":36,"column":4}},"7":{"start":{"line":28,"column":40},"end":{"line":28,"column":66}}},"fnMap":{"0":{"name":"(anonymous_0)","decl":{"start":{"line":3,"column":24},"end":{"line":3,"column":25}},"loc":{"start":{"line":3,"column":42},"end":{"line":37,"column":1}},"line":3},"1":{"name":"(anonymous_1)","decl":{"start":{"line":6,"column":25},"end":{"line":6,"column":26}},"loc":{"start":{"line":6,"column":42},"end":{"line":12,"column":3}},"line":6},"2":{"name":"(anonymous_2)","decl":{"start":{"line":28,"column":24},"end":{"line":28,"column":25}},"loc":{"start":{"line":28,"column":40},"end":{"line":28,"column":66}},"line":28}},"branchMap":{},"s":{"0":1,"1":0,"2":0,"3":0,"4":0,"5":0,"6":0,"7":0},"f":{"0":0,"1":0,"2":0},"b":{},"_coverageSchema":"1a1c01bbd47fc00a2c39e90264f33305004495a9","hash":"8aba7ee67717499c136e6dd5decd16312f58f6a8"}
,"/home/jcyl/projects/long-distance-friends/long-distance-friends-client/src/components/home/GroupFriendCreateForm.js": {"path":"/home/jcyl/projects/long-distance-friends/long-distance-friends-client/src/components/home/GroupFriendCreateForm.js","statementMap":{"0":{"start":{"line":3,"column":30},"end":{"line":51,"column":1}},"1":{"start":{"line":4,"column":38},"end":{"line":4,"column":50}},"2":{"start":{"line":5,"column":38},"end":{"line":5,"column":50}},"3":{"start":{"line":7,"column":26},"end":{"line":15,"column":3}},"4":{"start":{"line":8,"column":4},"end":{"line":8,"column":27}},"5":{"start":{"line":10,"column":4},"end":{"line":10,"column":73}},"6":{"start":{"line":13,"column":4},"end":{"line":13,"column":22}},"7":{"start":{"line":14,"column":4},"end":{"line":14,"column":22}},"8":{"start":{"line":17,"column":2},"end":{"line":50,"column":4}},"9":{"start":{"line":30,"column":40},"end":{"line":30,"column":67}},"10":{"start":{"line":41,"column":40},"end":{"line":41,"column":67}}},"fnMap":{"0":{"name":"(anonymous_0)","decl":{"start":{"line":3,"column":30},"end":{"line":3,"column":31}},"loc":{"start":{"line":3,"column":56},"end":{"line":51,"column":1}},"line":3},"1":{"name":"(anonymous_1)","decl":{"start":{"line":7,"column":26},"end":{"line":7,"column":27}},"loc":{"start":{"line":7,"column":43},"end":{"line":15,"column":3}},"line":7},"2":{"name":"(anonymous_2)","decl":{"start":{"line":30,"column":24},"end":{"line":30,"column":25}},"loc":{"start":{"line":30,"column":40},"end":{"line":30,"column":67}},"line":30},"3":{"name":"(anonymous_3)","decl":{"start":{"line":41,"column":24},"end":{"line":41,"column":25}},"loc":{"start":{"line":41,"column":40},"end":{"line":41,"column":67}},"line":41}},"branchMap":{},"s":{"0":1,"1":0,"2":0,"3":0,"4":0,"5":0,"6":0,"7":0,"8":0,"9":0,"10":0},"f":{"0":0,"1":0,"2":0,"3":0},"b":{},"_coverageSchema":"1a1c01bbd47fc00a2c39e90264f33305004495a9","hash":"a222c7a4402ec62a2f872e29b9c238b14a76fc8d"}
,"/home/jcyl/projects/long-distance-friends/long-distance-friends-client/src/components/home/GroupMakeHangoutForm.js": {"path":"/home/jcyl/projects/long-distance-friends/long-distance-friends-client/src/components/home/GroupMakeHangoutForm.js","statementMap":{"0":{"start":{"line":11,"column":29},"end":{"line":131,"column":1}},"1":{"start":{"line":12,"column":17},"end":{"line":12,"column":30}},"2":{"start":{"line":13,"column":28},"end":{"line":13,"column":40}},"3":{"start":{"line":14,"column":44},"end":{"line":14,"column":59}},"4":{"start":{"line":15,"column":42},"end":{"line":15,"column":56}},"5":{"start":{"line":16,"column":52},"end":{"line":16,"column":64}},"6":{"start":{"line":18,"column":30},"end":{"line":46,"column":3}},"7":{"start":{"line":19,"column":4},"end":{"line":19,"column":27}},"8":{"start":{"line":22,"column":21},"end":{"line":26,"column":5}},"9":{"start":{"line":29,"column":4},"end":{"line":45,"column":5}},"10":{"start":{"line":30,"column":29},"end":{"line":30,"column":87}},"11":{"start":{"line":31,"column":6},"end":{"line":31,"column":34}},"12":{"start":{"line":33,"column":33},"end":{"line":33,"column":83}},"13":{"start":{"line":36,"column":6},"end":{"line":36,"column":73}},"14":{"start":{"line":40,"column":6},"end":{"line":40,"column":22}},"15":{"start":{"line":44,"column":6},"end":{"line":44,"column":25}},"16":{"start":{"line":48,"column":39},"end":{"line":74,"column":3}},"17":{"start":{"line":49,"column":19},"end":{"line":49,"column":32}},"18":{"start":{"line":52,"column":28},"end":{"line":52,"column":30}},"19":{"start":{"line":53,"column":4},"end":{"line":56,"column":7}},"20":{"start":{"line":54,"column":21},"end":{"line":54,"column":60}},"21":{"start":{"line":55,"column":6},"end":{"line":55,"column":61}},"22":{"start":{"line":58,"column":21},"end":{"line":64,"column":5}},"23":{"start":{"line":67,"column":4},"end":{"line":73,"column":5}},"24":{"start":{"line":68,"column":29},"end":{"line":68,"column":87}},"25":{"start":{"line":69,"column":6},"end":{"line":69,"column":28}},"26":{"start":{"line":72,"column":6},"end":{"line":72,"column":25}},"27":{"start":{"line":76,"column":2},"end":{"line":130,"column":4}},"28":{"start":{"line":117,"column":27},"end":{"line":117,"column":53}},"29":{"start":{"line":123,"column":27},"end":{"line":123,"column":47}}},"fnMap":{"0":{"name":"(anonymous_0)","decl":{"start":{"line":11,"column":29},"end":{"line":11,"column":30}},"loc":{"start":{"line":11,"column":65},"end":{"line":131,"column":1}},"line":11},"1":{"name":"(anonymous_1)","decl":{"start":{"line":18,"column":30},"end":{"line":18,"column":31}},"loc":{"start":{"line":18,"column":47},"end":{"line":46,"column":3}},"line":18},"2":{"name":"(anonymous_2)","decl":{"start":{"line":48,"column":39},"end":{"line":48,"column":40}},"loc":{"start":{"line":48,"column":65},"end":{"line":74,"column":3}},"line":48},"3":{"name":"(anonymous_3)","decl":{"start":{"line":53,"column":30},"end":{"line":53,"column":31}},"loc":{"start":{"line":53,"column":38},"end":{"line":56,"column":5}},"line":53},"4":{"name":"(anonymous_4)","decl":{"start":{"line":117,"column":21},"end":{"line":117,"column":22}},"loc":{"start":{"line":117,"column":27},"end":{"line":117,"column":53}},"line":117},"5":{"name":"(anonymous_5)","decl":{"start":{"line":123,"column":21},"end":{"line":123,"column":22}},"loc":{"start":{"line":123,"column":27},"end":{"line":123,"column":47}},"line":123}},"branchMap":{"0":{"loc":{"start":{"line":95,"column":12},"end":{"line":101,"column":14}},"type":"binary-expr","locations":[{"start":{"line":95,"column":13},"end":{"line":95,"column":26}},{"start":{"line":95,"column":30},"end":{"line":95,"column":42}},{"start":{"line":96,"column":12},"end":{"line":101,"column":14}}],"line":95},"1":{"loc":{"start":{"line":104,"column":12},"end":{"line":109,"column":14}},"type":"binary-expr","locations":[{"start":{"line":104,"column":13},"end":{"line":104,"column":26}},{"start":{"line":104,"column":30},"end":{"line":104,"column":43}},{"start":{"line":105,"column":12},"end":{"line":109,"column":14}}],"line":104},"2":{"loc":{"start":{"line":116,"column":22},"end":{"line":116,"column":93}},"type":"cond-expr","locations":[{"start":{"line":116,"column":81},"end":{"line":116,"column":86}},{"start":{"line":116,"column":89},"end":{"line":116,"column":93}}],"line":116},"3":{"loc":{"start":{"line":116,"column":23},"end":{"line":116,"column":77}},"type":"binary-expr","locations":[{"start":{"line":116,"column":23},"end":{"line":116,"column":51}},{"start":{"line":116,"column":55},"end":{"line":116,"column":77}}],"line":116}},"s":{"0":1,"1":0,"2":0,"3":0,"4":0,"5":0,"6":0,"7":0,"8":0,"9":0,"10":0,"11":0,"12":0,"13":0,"14":0,"15":0,"16":0,"17":0,"18":0,"19":0,"20":0,"21":0,"22":0,"23":0,"24":0,"25":0,"26":0,"27":0,"28":0,"29":0},"f":{"0":0,"1":0,"2":0,"3":0,"4":0,"5":0},"b":{"0":[0,0,0],"1":[0,0,0],"2":[0,0],"3":[0,0]},"_coverageSchema":"1a1c01bbd47fc00a2c39e90264f33305004495a9","hash":"74ea84461c971e1e0b33ae461f8fd8b2c3b22f82"}
,"/home/jcyl/projects/long-distance-friends/long-distance-friends-client/src/components/home/GroupMeetingsCard.js": {"path":"/home/jcyl/projects/long-distance-friends/long-distance-friends-client/src/components/home/GroupMeetingsCard.js","statementMap":{"0":{"start":{"line":4,"column":26},"end":{"line":29,"column":1}},"1":{"start":{"line":6,"column":20},"end":{"line":6,"column":72}},"2":{"start":{"line":8,"column":2},"end":{"line":28,"column":4}},"3":{"start":{"line":20,"column":25},"end":{"line":20,"column":56}}},"fnMap":{"0":{"name":"(anonymous_0)","decl":{"start":{"line":4,"column":26},"end":{"line":4,"column":27}},"loc":{"start":{"line":4,"column":70},"end":{"line":29,"column":1}},"line":4},"1":{"name":"(anonymous_1)","decl":{"start":{"line":20,"column":19},"end":{"line":20,"column":20}},"loc":{"start":{"line":20,"column":25},"end":{"line":20,"column":56}},"line":20}},"branchMap":{},"s":{"0":1,"1":0,"2":0,"3":0},"f":{"0":0,"1":0},"b":{},"_coverageSchema":"1a1c01bbd47fc00a2c39e90264f33305004495a9","hash":"78e871315d6cfbe4e8ed007207d218be8da39cb8"}
,"/home/jcyl/projects/long-distance-friends/long-distance-friends-client/src/components/rsvp/RsvpAvailabilityPicker.js": {"path":"/home/jcyl/projects/long-distance-friends/long-distance-friends-client/src/components/rsvp/RsvpAvailabilityPicker.js","statementMap":{"0":{"start":{"line":6,"column":31},"end":{"line":43,"column":1}},"1":{"start":{"line":7,"column":56},"end":{"line":7,"column":68}},"2":{"start":{"line":8,"column":23},"end":{"line":8,"column":62}},"3":{"start":{"line":10,"column":2},"end":{"line":42,"column":4}},"4":{"start":{"line":16,"column":49},"end":{"line":16,"column":72}}},"fnMap":{"0":{"name":"(anonymous_0)","decl":{"start":{"line":6,"column":31},"end":{"line":6,"column":32}},"loc":{"start":{"line":6,"column":94},"end":{"line":43,"column":1}},"line":6},"1":{"name":"(anonymous_1)","decl":{"start":{"line":16,"column":22},"end":{"line":16,"column":23}},"loc":{"start":{"line":16,"column":49},"end":{"line":16,"column":72}},"line":16}},"branchMap":{},"s":{"0":1,"1":0,"2":0,"3":0,"4":0},"f":{"0":0,"1":0},"b":{},"_coverageSchema":"1a1c01bbd47fc00a2c39e90264f33305004495a9","hash":"9e5ad16f43d6f394bebbdd8fe18a1baa54bfefa3"}
,"/home/jcyl/projects/long-distance-friends/long-distance-friends-client/src/components/rsvp/RsvpForm.js": {"path":"/home/jcyl/projects/long-distance-friends/long-distance-friends-client/src/components/rsvp/RsvpForm.js","statementMap":{"0":{"start":{"line":7,"column":17},"end":{"line":75,"column":1}},"1":{"start":{"line":8,"column":32},"end":{"line":8,"column":46}},"2":{"start":{"line":9,"column":34},"end":{"line":9,"column":46}},"3":{"start":{"line":10,"column":42},"end":{"line":10,"column":56}},"4":{"start":{"line":11,"column":38},"end":{"line":11,"column":50}},"5":{"start":{"line":12,"column":17},"end":{"line":12,"column":28}},"6":{"start":{"line":16,"column":2},"end":{"line":25,"column":9}},"7":{"start":{"line":17,"column":22},"end":{"line":23,"column":5}},"8":{"start":{"line":18,"column":6},"end":{"line":22,"column":11}},"9":{"start":{"line":21,"column":10},"end":{"line":21,"column":26}},"10":{"start":{"line":24,"column":4},"end":{"line":24,"column":16}},"11":{"start":{"line":27,"column":27},"end":{"line":29,"column":3}},"12":{"start":{"line":28,"column":4},"end":{"line":28,"column":28}},"13":{"start":{"line":31,"column":25},"end":{"line":34,"column":3}},"14":{"start":{"line":33,"column":4},"end":{"line":33,"column":24}},"15":{"start":{"line":36,"column":2},"end":{"line":73,"column":3}},"16":{"start":{"line":37,"column":4},"end":{"line":41,"column":6}},"17":{"start":{"line":43,"column":7},"end":{"line":73,"column":3}},"18":{"start":{"line":44,"column":4},"end":{"line":72,"column":6}},"19":{"start":{"line":51,"column":14},"end":{"line":55,"column":16}}},"fnMap":{"0":{"name":"(anonymous_0)","decl":{"start":{"line":7,"column":17},"end":{"line":7,"column":18}},"loc":{"start":{"line":7,"column":23},"end":{"line":75,"column":1}},"line":7},"1":{"name":"(anonymous_1)","decl":{"start":{"line":16,"column":12},"end":{"line":16,"column":13}},"loc":{"start":{"line":16,"column":18},"end":{"line":25,"column":3}},"line":16},"2":{"name":"(anonymous_2)","decl":{"start":{"line":17,"column":22},"end":{"line":17,"column":23}},"loc":{"start":{"line":17,"column":34},"end":{"line":23,"column":5}},"line":17},"3":{"name":"(anonymous_3)","decl":{"start":{"line":20,"column":14},"end":{"line":20,"column":15}},"loc":{"start":{"line":20,"column":21},"end":{"line":22,"column":9}},"line":20},"4":{"name":"(anonymous_4)","decl":{"start":{"line":27,"column":27},"end":{"line":27,"column":28}},"loc":{"start":{"line":27,"column":39},"end":{"line":29,"column":3}},"line":27},"5":{"name":"(anonymous_5)","decl":{"start":{"line":31,"column":25},"end":{"line":31,"column":26}},"loc":{"start":{"line":31,"column":35},"end":{"line":34,"column":3}},"line":31},"6":{"name":"(anonymous_6)","decl":{"start":{"line":50,"column":39},"end":{"line":50,"column":40}},"loc":{"start":{"line":51,"column":14},"end":{"line":55,"column":16}},"line":51}},"branchMap":{"0":{"loc":{"start":{"line":36,"column":2},"end":{"line":73,"column":3}},"type":"if","locations":[{"start":{"line":36,"column":2},"end":{"line":73,"column":3}},{"start":{"line":43,"column":7},"end":{"line":73,"column":3}}],"line":36},"1":{"loc":{"start":{"line":43,"column":7},"end":{"line":73,"column":3}},"type":"if","locations":[{"start":{"line":43,"column":7},"end":{"line":73,"column":3}},{"start":{},"end":{}}],"line":43},"2":{"loc":{"start":{"line":58,"column":11},"end":{"line":67,"column":18}},"type":"binary-expr","locations":[{"start":{"line":58,"column":11},"end":{"line":58,"column":23}},{"start":{"line":59,"column":12},"end":{"line":67,"column":18}}],"line":58}},"s":{"0":1,"1":0,"2":0,"3":0,"4":0,"5":0,"6":0,"7":0,"8":0,"9":0,"10":0,"11":0,"12":0,"13":0,"14":0,"15":0,"16":0,"17":0,"18":0,"19":0},"f":{"0":0,"1":0,"2":0,"3":0,"4":0,"5":0,"6":0},"b":{"0":[0,0],"1":[0,0],"2":[0,0]},"_coverageSchema":"1a1c01bbd47fc00a2c39e90264f33305004495a9","hash":"9c7400b8dfd6308d7de560fefaa980788ce80c2f"}
,"/home/jcyl/projects/long-distance-friends/long-distance-friends-client/src/components/rsvp/RsvpFriendCard.js": {"path":"/home/jcyl/projects/long-distance-friends/long-distance-friends-client/src/components/rsvp/RsvpFriendCard.js","statementMap":{"0":{"start":{"line":3,"column":23},"end":{"line":15,"column":1}},"1":{"start":{"line":5,"column":2},"end":{"line":14,"column":4}},"2":{"start":{"line":8,"column":21},"end":{"line":8,"column":45}}},"fnMap":{"0":{"name":"(anonymous_0)","decl":{"start":{"line":3,"column":23},"end":{"line":3,"column":24}},"loc":{"start":{"line":3,"column":57},"end":{"line":15,"column":1}},"line":3},"1":{"name":"(anonymous_1)","decl":{"start":{"line":8,"column":15},"end":{"line":8,"column":16}},"loc":{"start":{"line":8,"column":21},"end":{"line":8,"column":45}},"line":8}},"branchMap":{},"s":{"0":1,"1":0,"2":0},"f":{"0":0,"1":0},"b":{},"_coverageSchema":"1a1c01bbd47fc00a2c39e90264f33305004495a9","hash":"768d882726e3ea1fa9743eff28665b86719a8331"}
,"/home/jcyl/projects/long-distance-friends/long-distance-friends-client/src/components/rsvp/RsvpTimePicker.js": {"path":"/home/jcyl/projects/long-distance-friends/long-distance-friends-client/src/components/rsvp/RsvpTimePicker.js","statementMap":{"0":{"start":{"line":4,"column":23},"end":{"line":91,"column":1}},"1":{"start":{"line":5,"column":44},"end":{"line":5,"column":56}},"2":{"start":{"line":7,"column":20},"end":{"line":7,"column":27}},"3":{"start":{"line":8,"column":18},"end":{"line":8,"column":25}},"4":{"start":{"line":9,"column":18},"end":{"line":9,"column":25}},"5":{"start":{"line":11,"column":2},"end":{"line":13,"column":19}},"6":{"start":{"line":12,"column":4},"end":{"line":12,"column":25}},"7":{"start":{"line":15,"column":23},"end":{"line":15,"column":70}},"8":{"start":{"line":17,"column":25},"end":{"line":29,"column":3}},"9":{"start":{"line":18,"column":4},"end":{"line":18,"column":27}},"10":{"start":{"line":19,"column":4},"end":{"line":28,"column":5}},"11":{"start":{"line":21,"column":6},"end":{"line":21,"column":52}},"12":{"start":{"line":22,"column":6},"end":{"line":22,"column":63}},"13":{"start":{"line":26,"column":6},"end":{"line":26,"column":69}},"14":{"start":{"line":26,"column":52},"end":{"line":26,"column":66}},"15":{"start":{"line":27,"column":6},"end":{"line":27,"column":80}},"16":{"start":{"line":27,"column":64},"end":{"line":27,"column":77}},"17":{"start":{"line":31,"column":25},"end":{"line":42,"column":3}},"18":{"start":{"line":32,"column":4},"end":{"line":41,"column":6}},"19":{"start":{"line":37,"column":23},"end":{"line":37,"column":57}},"20":{"start":{"line":44,"column":28},"end":{"line":47,"column":3}},"21":{"start":{"line":49,"column":27},"end":{"line":52,"column":3}},"22":{"start":{"line":54,"column":30},"end":{"line":56,"column":3}},"23":{"start":{"line":58,"column":2},"end":{"line":90,"column":4}},"24":{"start":{"line":66,"column":10},"end":{"line":68,"column":11}},"25":{"start":{"line":67,"column":12},"end":{"line":67,"column":75}},"26":{"start":{"line":72,"column":10},"end":{"line":74,"column":11}},"27":{"start":{"line":73,"column":12},"end":{"line":73,"column":75}},"28":{"start":{"line":78,"column":10},"end":{"line":80,"column":11}},"29":{"start":{"line":79,"column":12},"end":{"line":79,"column":75}},"30":{"start":{"line":84,"column":10},"end":{"line":86,"column":11}},"31":{"start":{"line":85,"column":12},"end":{"line":85,"column":75}}},"fnMap":{"0":{"name":"(anonymous_0)","decl":{"start":{"line":4,"column":23},"end":{"line":4,"column":24}},"loc":{"start":{"line":4,"column":98},"end":{"line":91,"column":1}},"line":4},"1":{"name":"(anonymous_1)","decl":{"start":{"line":11,"column":12},"end":{"line":11,"column":13}},"loc":{"start":{"line":11,"column":18},"end":{"line":13,"column":3}},"line":11},"2":{"name":"(anonymous_2)","decl":{"start":{"line":17,"column":25},"end":{"line":17,"column":26}},"loc":{"start":{"line":17,"column":49},"end":{"line":29,"column":3}},"line":17},"3":{"name":"(anonymous_3)","decl":{"start":{"line":26,"column":44},"end":{"line":26,"column":45}},"loc":{"start":{"line":26,"column":52},"end":{"line":26,"column":66}},"line":26},"4":{"name":"(anonymous_4)","decl":{"start":{"line":27,"column":56},"end":{"line":27,"column":57}},"loc":{"start":{"line":27,"column":64},"end":{"line":27,"column":77}},"line":27},"5":{"name":"(anonymous_5)","decl":{"start":{"line":31,"column":25},"end":{"line":31,"column":26}},"loc":{"start":{"line":31,"column":44},"end":{"line":42,"column":3}},"line":31},"6":{"name":"(anonymous_6)","decl":{"start":{"line":37,"column":17},"end":{"line":37,"column":18}},"loc":{"start":{"line":37,"column":23},"end":{"line":37,"column":57}},"line":37},"7":{"name":"(anonymous_7)","decl":{"start":{"line":65,"column":26},"end":{"line":65,"column":27}},"loc":{"start":{"line":65,"column":43},"end":{"line":69,"column":9}},"line":65},"8":{"name":"(anonymous_8)","decl":{"start":{"line":71,"column":26},"end":{"line":71,"column":27}},"loc":{"start":{"line":71,"column":43},"end":{"line":75,"column":9}},"line":71},"9":{"name":"(anonymous_9)","decl":{"start":{"line":77,"column":26},"end":{"line":77,"column":27}},"loc":{"start":{"line":77,"column":43},"end":{"line":81,"column":9}},"line":77},"10":{"name":"(anonymous_10)","decl":{"start":{"line":83,"column":26},"end":{"line":83,"column":27}},"loc":{"start":{"line":83,"column":43},"end":{"line":87,"column":9}},"line":83}},"branchMap":{"0":{"loc":{"start":{"line":19,"column":4},"end":{"line":28,"column":5}},"type":"if","locations":[{"start":{"line":19,"column":4},"end":{"line":28,"column":5}},{"start":{"line":24,"column":9},"end":{"line":28,"column":5}}],"line":19},"1":{"loc":{"start":{"line":36,"column":15},"end":{"line":36,"column":86}},"type":"cond-expr","locations":[{"start":{"line":36,"column":47},"end":{"line":36,"column":64}},{"start":{"line":36,"column":67},"end":{"line":36,"column":86}}],"line":36},"2":{"loc":{"start":{"line":66,"column":10},"end":{"line":68,"column":11}},"type":"if","locations":[{"start":{"line":66,"column":10},"end":{"line":68,"column":11}},{"start":{},"end":{}}],"line":66},"3":{"loc":{"start":{"line":72,"column":10},"end":{"line":74,"column":11}},"type":"if","locations":[{"start":{"line":72,"column":10},"end":{"line":74,"column":11}},{"start":{},"end":{}}],"line":72},"4":{"loc":{"start":{"line":72,"column":14},"end":{"line":72,"column":47}},"type":"binary-expr","locations":[{"start":{"line":72,"column":14},"end":{"line":72,"column":28}},{"start":{"line":72,"column":32},"end":{"line":72,"column":47}}],"line":72},"5":{"loc":{"start":{"line":78,"column":10},"end":{"line":80,"column":11}},"type":"if","locations":[{"start":{"line":78,"column":10},"end":{"line":80,"column":11}},{"start":{},"end":{}}],"line":78},"6":{"loc":{"start":{"line":78,"column":14},"end":{"line":78,"column":47}},"type":"binary-expr","locations":[{"start":{"line":78,"column":14},"end":{"line":78,"column":28}},{"start":{"line":78,"column":32},"end":{"line":78,"column":47}}],"line":78},"7":{"loc":{"start":{"line":84,"column":10},"end":{"line":86,"column":11}},"type":"if","locations":[{"start":{"line":84,"column":10},"end":{"line":86,"column":11}},{"start":{},"end":{}}],"line":84},"8":{"loc":{"start":{"line":84,"column":14},"end":{"line":84,"column":47}},"type":"binary-expr","locations":[{"start":{"line":84,"column":14},"end":{"line":84,"column":28}},{"start":{"line":84,"column":32},"end":{"line":84,"column":47}}],"line":84}},"s":{"0":1,"1":0,"2":0,"3":0,"4":0,"5":0,"6":0,"7":0,"8":0,"9":0,"10":0,"11":0,"12":0,"13":0,"14":0,"15":0,"16":0,"17":0,"18":0,"19":0,"20":0,"21":0,"22":0,"23":0,"24":0,"25":0,"26":0,"27":0,"28":0,"29":0,"30":0,"31":0},"f":{"0":0,"1":0,"2":0,"3":0,"4":0,"5":0,"6":0,"7":0,"8":0,"9":0,"10":0},"b":{"0":[0,0],"1":[0,0],"2":[0,0],"3":[0,0],"4":[0,0],"5":[0,0],"6":[0,0],"7":[0,0],"8":[0,0]},"_coverageSchema":"1a1c01bbd47fc00a2c39e90264f33305004495a9","hash":"1899ad370aeb362aa4601fdb28a5a4b462d29af8"}
,"/home/jcyl/projects/long-distance-friends/long-distance-friends-client/src/components/views/CreateAccount.js": {"path":"/home/jcyl/projects/long-distance-friends/long-distance-friends-client/src/components/views/CreateAccount.js","statementMap":{"0":{"start":{"line":4,"column":26},"end":{"line":84,"column":1}},"1":{"start":{"line":5,"column":37},"end":{"line":5,"column":49}},"2":{"start":{"line":6,"column":37},"end":{"line":6,"column":49}},"3":{"start":{"line":7,"column":29},"end":{"line":7,"column":41}},"4":{"start":{"line":9,"column":29},"end":{"line":41,"column":3}},"5":{"start":{"line":10,"column":4},"end":{"line":10,"column":27}},"6":{"start":{"line":13,"column":4},"end":{"line":40,"column":5}},"7":{"start":{"line":14,"column":6},"end":{"line":14,"column":22}},"8":{"start":{"line":17,"column":9},"end":{"line":40,"column":5}},"9":{"start":{"line":19,"column":6},"end":{"line":19,"column":38}},"10":{"start":{"line":22,"column":6},"end":{"line":39,"column":7}},"11":{"start":{"line":24,"column":29},"end":{"line":24,"column":82}},"12":{"start":{"line":25,"column":8},"end":{"line":25,"column":34}},"13":{"start":{"line":28,"column":8},"end":{"line":30,"column":10}},"14":{"start":{"line":31,"column":8},"end":{"line":31,"column":30}},"15":{"start":{"line":32,"column":8},"end":{"line":32,"column":24}},"16":{"start":{"line":36,"column":8},"end":{"line":36,"column":27}},"17":{"start":{"line":37,"column":8},"end":{"line":37,"column":40}},"18":{"start":{"line":38,"column":8},"end":{"line":38,"column":33}},"19":{"start":{"line":43,"column":2},"end":{"line":83,"column":4}},"20":{"start":{"line":47,"column":30},"end":{"line":47,"column":81}},"21":{"start":{"line":57,"column":40},"end":{"line":57,"column":68}},"22":{"start":{"line":67,"column":40},"end":{"line":67,"column":64}},"23":{"start":{"line":77,"column":40},"end":{"line":77,"column":68}}},"fnMap":{"0":{"name":"(anonymous_0)","decl":{"start":{"line":4,"column":26},"end":{"line":4,"column":27}},"loc":{"start":{"line":4,"column":74},"end":{"line":84,"column":1}},"line":4},"1":{"name":"(anonymous_1)","decl":{"start":{"line":9,"column":29},"end":{"line":9,"column":30}},"loc":{"start":{"line":9,"column":72},"end":{"line":41,"column":3}},"line":9},"2":{"name":"(anonymous_2)","decl":{"start":{"line":47,"column":24},"end":{"line":47,"column":25}},"loc":{"start":{"line":47,"column":30},"end":{"line":47,"column":81}},"line":47},"3":{"name":"(anonymous_3)","decl":{"start":{"line":57,"column":24},"end":{"line":57,"column":25}},"loc":{"start":{"line":57,"column":40},"end":{"line":57,"column":68}},"line":57},"4":{"name":"(anonymous_4)","decl":{"start":{"line":67,"column":24},"end":{"line":67,"column":25}},"loc":{"start":{"line":67,"column":40},"end":{"line":67,"column":64}},"line":67},"5":{"name":"(anonymous_5)","decl":{"start":{"line":77,"column":24},"end":{"line":77,"column":25}},"loc":{"start":{"line":77,"column":40},"end":{"line":77,"column":68}},"line":77}},"branchMap":{"0":{"loc":{"start":{"line":13,"column":4},"end":{"line":40,"column":5}},"type":"if","locations":[{"start":{"line":13,"column":4},"end":{"line":40,"column":5}},{"start":{"line":17,"column":9},"end":{"line":40,"column":5}}],"line":13},"1":{"loc":{"start":{"line":17,"column":9},"end":{"line":40,"column":5}},"type":"if","locations":[{"start":{"line":17,"column":9},"end":{"line":40,"column":5}},{"start":{"line":21,"column":9},"end":{"line":40,"column":5}}],"line":17},"2":{"loc":{"start":{"line":17,"column":13},"end":{"line":17,"column":44}},"type":"binary-expr","locations":[{"start":{"line":17,"column":13},"end":{"line":17,"column":22}},{"start":{"line":17,"column":26},"end":{"line":17,"column":35}},{"start":{"line":17,"column":39},"end":{"line":17,"column":44}}],"line":17}},"s":{"0":1,"1":0,"2":0,"3":0,"4":0,"5":0,"6":0,"7":0,"8":0,"9":0,"10":0,"11":0,"12":0,"13":0,"14":0,"15":0,"16":0,"17":0,"18":0,"19":0,"20":0,"21":0,"22":0,"23":0},"f":{"0":0,"1":0,"2":0,"3":0,"4":0,"5":0},"b":{"0":[0,0],"1":[0,0],"2":[0,0,0]},"_coverageSchema":"1a1c01bbd47fc00a2c39e90264f33305004495a9","hash":"193f9ad25fed04576c03553b759ad185e08f9c55"}
,"/home/jcyl/projects/long-distance-friends/long-distance-friends-client/src/components/views/Home.js": {"path":"/home/jcyl/projects/long-distance-friends/long-distance-friends-client/src/components/views/Home.js","statementMap":{"0":{"start":{"line":11,"column":13},"end":{"line":109,"column":1}},"1":{"start":{"line":12,"column":30},"end":{"line":12,"column":42}},"2":{"start":{"line":13,"column":38},"end":{"line":13,"column":53}},"3":{"start":{"line":14,"column":44},"end":{"line":14,"column":58}},"4":{"start":{"line":15,"column":20},"end":{"line":15,"column":28}},"5":{"start":{"line":17,"column":16},"end":{"line":17,"column":21}},"6":{"start":{"line":19,"column":2},"end":{"line":35,"column":9}},"7":{"start":{"line":20,"column":22},"end":{"line":29,"column":5}},"8":{"start":{"line":21,"column":6},"end":{"line":28,"column":11}},"9":{"start":{"line":24,"column":10},"end":{"line":27,"column":11}},"10":{"start":{"line":25,"column":12},"end":{"line":25,"column":34}},"11":{"start":{"line":26,"column":12},"end":{"line":26,"column":47}},"12":{"start":{"line":31,"column":4},"end":{"line":34,"column":5}},"13":{"start":{"line":32,"column":6},"end":{"line":32,"column":18}},"14":{"start":{"line":33,"column":6},"end":{"line":33,"column":21}},"15":{"start":{"line":37,"column":19},"end":{"line":48,"column":3}},"16":{"start":{"line":38,"column":4},"end":{"line":38,"column":41}},"17":{"start":{"line":40,"column":4},"end":{"line":47,"column":5}},"18":{"start":{"line":41,"column":18},"end":{"line":41,"column":70}},"19":{"start":{"line":42,"column":6},"end":{"line":42,"column":36}},"20":{"start":{"line":43,"column":6},"end":{"line":43,"column":53}},"21":{"start":{"line":46,"column":6},"end":{"line":46,"column":25}},"22":{"start":{"line":50,"column":22},"end":{"line":60,"column":3}},"23":{"start":{"line":51,"column":4},"end":{"line":59,"column":5}},"24":{"start":{"line":52,"column":26},"end":{"line":52,"column":73}},"25":{"start":{"line":52,"column":47},"end":{"line":52,"column":72}},"26":{"start":{"line":53,"column":6},"end":{"line":53,"column":65}},"27":{"start":{"line":54,"column":6},"end":{"line":54,"column":63}},"28":{"start":{"line":54,"column":39},"end":{"line":54,"column":60}},"29":{"start":{"line":55,"column":6},"end":{"line":55,"column":37}},"30":{"start":{"line":58,"column":6},"end":{"line":58,"column":25}},"31":{"start":{"line":62,"column":25},"end":{"line":85,"column":3}},"32":{"start":{"line":63,"column":24},"end":{"line":63,"column":71}},"33":{"start":{"line":63,"column":45},"end":{"line":63,"column":70}},"34":{"start":{"line":64,"column":4},"end":{"line":84,"column":5}},"35":{"start":{"line":65,"column":6},"end":{"line":69,"column":8}},"36":{"start":{"line":71,"column":9},"end":{"line":84,"column":5}},"37":{"start":{"line":72,"column":6},"end":{"line":76,"column":8}},"38":{"start":{"line":79,"column":6},"end":{"line":83,"column":8}},"39":{"start":{"line":87,"column":2},"end":{"line":108,"column":4}},"40":{"start":{"line":93,"column":12},"end":{"line":93,"column":92}}},"fnMap":{"0":{"name":"(anonymous_0)","decl":{"start":{"line":11,"column":13},"end":{"line":11,"column":14}},"loc":{"start":{"line":11,"column":27},"end":{"line":109,"column":1}},"line":11},"1":{"name":"(anonymous_1)","decl":{"start":{"line":19,"column":12},"end":{"line":19,"column":13}},"loc":{"start":{"line":19,"column":18},"end":{"line":35,"column":3}},"line":19},"2":{"name":"(anonymous_2)","decl":{"start":{"line":20,"column":22},"end":{"line":20,"column":23}},"loc":{"start":{"line":20,"column":34},"end":{"line":29,"column":5}},"line":20},"3":{"name":"(anonymous_3)","decl":{"start":{"line":23,"column":14},"end":{"line":23,"column":15}},"loc":{"start":{"line":23,"column":21},"end":{"line":28,"column":9}},"line":23},"4":{"name":"(anonymous_4)","decl":{"start":{"line":37,"column":19},"end":{"line":37,"column":20}},"loc":{"start":{"line":37,"column":39},"end":{"line":48,"column":3}},"line":37},"5":{"name":"(anonymous_5)","decl":{"start":{"line":50,"column":22},"end":{"line":50,"column":23}},"loc":{"start":{"line":50,"column":34},"end":{"line":60,"column":3}},"line":50},"6":{"name":"(anonymous_6)","decl":{"start":{"line":52,"column":38},"end":{"line":52,"column":39}},"loc":{"start":{"line":52,"column":47},"end":{"line":52,"column":72}},"line":52},"7":{"name":"(anonymous_7)","decl":{"start":{"line":54,"column":30},"end":{"line":54,"column":31}},"loc":{"start":{"line":54,"column":39},"end":{"line":54,"column":60}},"line":54},"8":{"name":"(anonymous_8)","decl":{"start":{"line":62,"column":25},"end":{"line":62,"column":26}},"loc":{"start":{"line":62,"column":31},"end":{"line":85,"column":3}},"line":62},"9":{"name":"(anonymous_9)","decl":{"start":{"line":63,"column":36},"end":{"line":63,"column":37}},"loc":{"start":{"line":63,"column":45},"end":{"line":63,"column":70}},"line":63},"10":{"name":"(anonymous_10)","decl":{"start":{"line":92,"column":22},"end":{"line":92,"column":23}},"loc":{"start":{"line":93,"column":12},"end":{"line":93,"column":92}},"line":93}},"branchMap":{"0":{"loc":{"start":{"line":24,"column":10},"end":{"line":27,"column":11}},"type":"if","locations":[{"start":{"line":24,"column":10},"end":{"line":27,"column":11}},{"start":{},"end":{}}],"line":24},"1":{"loc":{"start":{"line":31,"column":4},"end":{"line":34,"column":5}},"type":"if","locations":[{"start":{"line":31,"column":4},"end":{"line":34,"column":5}},{"start":{},"end":{}}],"line":31},"2":{"loc":{"start":{"line":64,"column":4},"end":{"line":84,"column":5}},"type":"if","locations":[{"start":{"line":64,"column":4},"end":{"line":84,"column":5}},{"start":{"line":71,"column":9},"end":{"line":84,"column":5}}],"line":64},"3":{"loc":{"start":{"line":71,"column":9},"end":{"line":84,"column":5}},"type":"if","locations":[{"start":{"line":71,"column":9},"end":{"line":84,"column":5}},{"start":{"line":78,"column":9},"end":{"line":84,"column":5}}],"line":71}},"s":{"0":1,"1":0,"2":0,"3":0,"4":0,"5":0,"6":0,"7":0,"8":0,"9":0,"10":0,"11":0,"12":0,"13":0,"14":0,"15":0,"16":0,"17":0,"18":0,"19":0,"20":0,"21":0,"22":0,"23":0,"24":0,"25":0,"26":0,"27":0,"28":0,"29":0,"30":0,"31":0,"32":0,"33":0,"34":0,"35":0,"36":0,"37":0,"38":0,"39":0,"40":0},"f":{"0":0,"1":0,"2":0,"3":0,"4":0,"5":0,"6":0,"7":0,"8":0,"9":0,"10":0},"b":{"0":[0,0],"1":[0,0],"2":[0,0],"3":[0,0]},"_coverageSchema":"1a1c01bbd47fc00a2c39e90264f33305004495a9","hash":"ebeba7ce0926e561212fa588f52f821d283242ed"}
,"/home/jcyl/projects/long-distance-friends/long-distance-friends-client/src/components/views/Landing.js": {"path":"/home/jcyl/projects/long-distance-friends/long-distance-friends-client/src/components/views/Landing.js","statementMap":{"0":{"start":{"line":3,"column":14},"end":{"line":54,"column":1}},"1":{"start":{"line":5,"column":2},"end":{"line":53,"column":4}}},"fnMap":{"0":{"name":"(anonymous_0)","decl":{"start":{"line":3,"column":14},"end":{"line":3,"column":15}},"loc":{"start":{"line":3,"column":20},"end":{"line":54,"column":1}},"line":3}},"branchMap":{},"s":{"0":1,"1":0},"f":{"0":0},"b":{},"_coverageSchema":"1a1c01bbd47fc00a2c39e90264f33305004495a9","hash":"749338cbd1e69e889ec7488670496f42207d8ac8"}
,"/home/jcyl/projects/long-distance-friends/long-distance-friends-client/src/components/views/LoginAccount.js": {"path":"/home/jcyl/projects/long-distance-friends/long-distance-friends-client/src/components/views/LoginAccount.js","statementMap":{"0":{"start":{"line":5,"column":25},"end":{"line":70,"column":1}},"1":{"start":{"line":6,"column":34},"end":{"line":6,"column":46}},"2":{"start":{"line":7,"column":34},"end":{"line":7,"column":46}},"3":{"start":{"line":9,"column":22},"end":{"line":27,"column":3}},"4":{"start":{"line":10,"column":4},"end":{"line":10,"column":27}},"5":{"start":{"line":13,"column":4},"end":{"line":26,"column":5}},"6":{"start":{"line":14,"column":19},"end":{"line":14,"column":67}},"7":{"start":{"line":15,"column":6},"end":{"line":17,"column":8}},"8":{"start":{"line":19,"column":6},"end":{"line":19,"column":20}},"9":{"start":{"line":20,"column":6},"end":{"line":20,"column":22}},"10":{"start":{"line":21,"column":6},"end":{"line":21,"column":22}},"11":{"start":{"line":22,"column":6},"end":{"line":22,"column":22}},"12":{"start":{"line":25,"column":6},"end":{"line":25,"column":25}},"13":{"start":{"line":30,"column":2},"end":{"line":32,"column":3}},"14":{"start":{"line":31,"column":4},"end":{"line":31,"column":20}},"15":{"start":{"line":34,"column":2},"end":{"line":69,"column":4}},"16":{"start":{"line":38,"column":30},"end":{"line":38,"column":68}},"17":{"start":{"line":48,"column":40},"end":{"line":48,"column":65}},"18":{"start":{"line":58,"column":40},"end":{"line":58,"column":65}}},"fnMap":{"0":{"name":"(anonymous_0)","decl":{"start":{"line":5,"column":25},"end":{"line":5,"column":26}},"loc":{"start":{"line":5,"column":56},"end":{"line":70,"column":1}},"line":5},"1":{"name":"(anonymous_1)","decl":{"start":{"line":9,"column":22},"end":{"line":9,"column":23}},"loc":{"start":{"line":9,"column":59},"end":{"line":27,"column":3}},"line":9},"2":{"name":"(anonymous_2)","decl":{"start":{"line":38,"column":24},"end":{"line":38,"column":25}},"loc":{"start":{"line":38,"column":30},"end":{"line":38,"column":68}},"line":38},"3":{"name":"(anonymous_3)","decl":{"start":{"line":48,"column":24},"end":{"line":48,"column":25}},"loc":{"start":{"line":48,"column":40},"end":{"line":48,"column":65}},"line":48},"4":{"name":"(anonymous_4)","decl":{"start":{"line":58,"column":24},"end":{"line":58,"column":25}},"loc":{"start":{"line":58,"column":40},"end":{"line":58,"column":65}},"line":58}},"branchMap":{"0":{"loc":{"start":{"line":30,"column":2},"end":{"line":32,"column":3}},"type":"if","locations":[{"start":{"line":30,"column":2},"end":{"line":32,"column":3}},{"start":{},"end":{}}],"line":30}},"s":{"0":1,"1":0,"2":0,"3":0,"4":0,"5":0,"6":0,"7":0,"8":0,"9":0,"10":0,"11":0,"12":0,"13":0,"14":0,"15":0,"16":0,"17":0,"18":0},"f":{"0":0,"1":0,"2":0,"3":0,"4":0},"b":{"0":[0,0]},"_coverageSchema":"1a1c01bbd47fc00a2c39e90264f33305004495a9","hash":"72100f88087aa0856605ed290d5aa0da6c7580f9"}
,"/home/jcyl/projects/long-distance-friends/long-distance-friends-client/src/components/views/NoRoute.js": {"path":"/home/jcyl/projects/long-distance-friends/long-distance-friends-client/src/components/views/NoRoute.js","statementMap":{"0":{"start":{"line":3,"column":16},"end":{"line":9,"column":1}},"1":{"start":{"line":4,"column":2},"end":{"line":8,"column":4}}},"fnMap":{"0":{"name":"(anonymous_0)","decl":{"start":{"line":3,"column":16},"end":{"line":3,"column":17}},"loc":{"start":{"line":3,"column":22},"end":{"line":9,"column":1}},"line":3}},"branchMap":{},"s":{"0":1,"1":0},"f":{"0":0},"b":{},"_coverageSchema":"1a1c01bbd47fc00a2c39e90264f33305004495a9","hash":"20dfae07421054e4b8cda0cfb5ff4c7f03b01458"}
,"/home/jcyl/projects/long-distance-friends/long-distance-friends-client/src/components/views/Settings.js": {"path":"/home/jcyl/projects/long-distance-friends/long-distance-friends-client/src/components/views/Settings.js","statementMap":{"0":{"start":{"line":3,"column":17},"end":{"line":54,"column":1}},"1":{"start":{"line":4,"column":37},"end":{"line":4,"column":49}},"2":{"start":{"line":5,"column":29},"end":{"line":5,"column":41}},"3":{"start":{"line":6,"column":29},"end":{"line":6,"column":41}},"4":{"start":{"line":8,"column":28},"end":{"line":11,"column":3}},"5":{"start":{"line":9,"column":4},"end":{"line":9,"column":27}},"6":{"start":{"line":10,"column":4},"end":{"line":10,"column":32}},"7":{"start":{"line":13,"column":2},"end":{"line":53,"column":4}},"8":{"start":{"line":17,"column":30},"end":{"line":17,"column":70}},"9":{"start":{"line":27,"column":40},"end":{"line":27,"column":64}},"10":{"start":{"line":37,"column":40},"end":{"line":37,"column":68}},"11":{"start":{"line":47,"column":40},"end":{"line":47,"column":64}}},"fnMap":{"0":{"name":"(anonymous_0)","decl":{"start":{"line":3,"column":17},"end":{"line":3,"column":18}},"loc":{"start":{"line":3,"column":31},"end":{"line":54,"column":1}},"line":3},"1":{"name":"(anonymous_1)","decl":{"start":{"line":8,"column":28},"end":{"line":8,"column":29}},"loc":{"start":{"line":8,"column":55},"end":{"line":11,"column":3}},"line":8},"2":{"name":"(anonymous_2)","decl":{"start":{"line":17,"column":24},"end":{"line":17,"column":25}},"loc":{"start":{"line":17,"column":30},"end":{"line":17,"column":70}},"line":17},"3":{"name":"(anonymous_3)","decl":{"start":{"line":27,"column":24},"end":{"line":27,"column":25}},"loc":{"start":{"line":27,"column":40},"end":{"line":27,"column":64}},"line":27},"4":{"name":"(anonymous_4)","decl":{"start":{"line":37,"column":24},"end":{"line":37,"column":25}},"loc":{"start":{"line":37,"column":40},"end":{"line":37,"column":68}},"line":37},"5":{"name":"(anonymous_5)","decl":{"start":{"line":47,"column":24},"end":{"line":47,"column":25}},"loc":{"start":{"line":47,"column":40},"end":{"line":47,"column":64}},"line":47}},"branchMap":{},"s":{"0":1,"1":0,"2":0,"3":0,"4":0,"5":0,"6":0,"7":0,"8":0,"9":0,"10":0,"11":0},"f":{"0":0,"1":0,"2":0,"3":0,"4":0,"5":0},"b":{},"_coverageSchema":"1a1c01bbd47fc00a2c39e90264f33305004495a9","hash":"a7fb9cb78fcebbfbd16bd781784cc406e0cc2038"}
,"/home/jcyl/projects/long-distance-friends/long-distance-friends-client/src/services/bookingService.js": {"path":"/home/jcyl/projects/long-distance-friends/long-distance-friends-client/src/services/bookingService.js","statementMap":{"0":{"start":{"line":2,"column":16},"end":{"line":2,"column":52}},"1":{"start":{"line":4,"column":22},"end":{"line":11,"column":1}},"2":{"start":{"line":5,"column":17},"end":{"line":7,"column":3}},"3":{"start":{"line":9,"column":14},"end":{"line":9,"column":60}},"4":{"start":{"line":10,"column":2},"end":{"line":10,"column":18}}},"fnMap":{"0":{"name":"(anonymous_0)","decl":{"start":{"line":4,"column":22},"end":{"line":4,"column":23}},"loc":{"start":{"line":4,"column":52},"end":{"line":11,"column":1}},"line":4}},"branchMap":{},"s":{"0":1,"1":1,"2":0,"3":0,"4":0},"f":{"0":0},"b":{},"_coverageSchema":"1a1c01bbd47fc00a2c39e90264f33305004495a9","hash":"442e857d6814128fcc2490ae9d197ad7e47269cd"}
,"/home/jcyl/projects/long-distance-friends/long-distance-friends-client/src/services/friendService.js": {"path":"/home/jcyl/projects/long-distance-friends/long-distance-friends-client/src/services/friendService.js","statementMap":{"0":{"start":{"line":2,"column":16},"end":{"line":2,"column":51}},"1":{"start":{"line":4,"column":18},"end":{"line":16,"column":1}},"2":{"start":{"line":5,"column":17},"end":{"line":7,"column":3}},"3":{"start":{"line":9,"column":2},"end":{"line":15,"column":3}},"4":{"start":{"line":10,"column":16},"end":{"line":10,"column":61}},"5":{"start":{"line":11,"column":4},"end":{"line":11,"column":20}},"6":{"start":{"line":14,"column":4},"end":{"line":14,"column":23}}},"fnMap":{"0":{"name":"(anonymous_0)","decl":{"start":{"line":4,"column":18},"end":{"line":4,"column":19}},"loc":{"start":{"line":4,"column":47},"end":{"line":16,"column":1}},"line":4}},"branchMap":{},"s":{"0":1,"1":1,"2":0,"3":0,"4":0,"5":0,"6":0},"f":{"0":0},"b":{},"_coverageSchema":"1a1c01bbd47fc00a2c39e90264f33305004495a9","hash":"3cfa70fad9b383c17a0f36d8d649bb4a4fba0ba1"}
,"/home/jcyl/projects/long-distance-friends/long-distance-friends-client/src/services/groupService.js": {"path":"/home/jcyl/projects/long-distance-friends/long-distance-friends-client/src/services/groupService.js","statementMap":{"0":{"start":{"line":2,"column":16},"end":{"line":2,"column":43}},"1":{"start":{"line":4,"column":21},"end":{"line":12,"column":1}},"2":{"start":{"line":5,"column":2},"end":{"line":11,"column":3}},"3":{"start":{"line":6,"column":16},"end":{"line":6,"column":59}},"4":{"start":{"line":7,"column":4},"end":{"line":7,"column":20}},"5":{"start":{"line":10,"column":4},"end":{"line":10,"column":23}},"6":{"start":{"line":14,"column":20},"end":{"line":26,"column":1}},"7":{"start":{"line":15,"column":17},"end":{"line":17,"column":3}},"8":{"start":{"line":19,"column":2},"end":{"line":25,"column":3}},"9":{"start":{"line":20,"column":16},"end":{"line":20,"column":72}},"10":{"start":{"line":21,"column":4},"end":{"line":21,"column":20}},"11":{"start":{"line":24,"column":4},"end":{"line":24,"column":23}},"12":{"start":{"line":28,"column":18},"end":{"line":40,"column":1}},"13":{"start":{"line":29,"column":17},"end":{"line":31,"column":3}},"14":{"start":{"line":33,"column":2},"end":{"line":39,"column":3}},"15":{"start":{"line":34,"column":16},"end":{"line":34,"column":79}},"16":{"start":{"line":35,"column":4},"end":{"line":35,"column":20}},"17":{"start":{"line":38,"column":4},"end":{"line":38,"column":23}},"18":{"start":{"line":42,"column":20},"end":{"line":49,"column":1}},"19":{"start":{"line":43,"column":17},"end":{"line":45,"column":3}},"20":{"start":{"line":47,"column":14},"end":{"line":47,"column":67}},"21":{"start":{"line":48,"column":2},"end":{"line":48,"column":18}}},"fnMap":{"0":{"name":"(anonymous_0)","decl":{"start":{"line":4,"column":21},"end":{"line":4,"column":22}},"loc":{"start":{"line":4,"column":35},"end":{"line":12,"column":1}},"line":4},"1":{"name":"(anonymous_1)","decl":{"start":{"line":14,"column":20},"end":{"line":14,"column":21}},"loc":{"start":{"line":14,"column":47},"end":{"line":26,"column":1}},"line":14},"2":{"name":"(anonymous_2)","decl":{"start":{"line":28,"column":18},"end":{"line":28,"column":19}},"loc":{"start":{"line":28,"column":50},"end":{"line":40,"column":1}},"line":28},"3":{"name":"(anonymous_3)","decl":{"start":{"line":42,"column":20},"end":{"line":42,"column":21}},"loc":{"start":{"line":42,"column":41},"end":{"line":49,"column":1}},"line":42}},"branchMap":{},"s":{"0":1,"1":1,"2":0,"3":0,"4":0,"5":0,"6":1,"7":0,"8":0,"9":0,"10":0,"11":0,"12":1,"13":0,"14":0,"15":0,"16":0,"17":0,"18":1,"19":0,"20":0,"21":0},"f":{"0":0,"1":0,"2":0,"3":0},"b":{},"_coverageSchema":"1a1c01bbd47fc00a2c39e90264f33305004495a9","hash":"8729b185debc191f3013791a13e47350a4ca5895"}
,"/home/jcyl/projects/long-distance-friends/long-distance-friends-client/src/services/loginService.js": {"path":"/home/jcyl/projects/long-distance-friends/long-distance-friends-client/src/services/loginService.js","statementMap":{"0":{"start":{"line":2,"column":16},"end":{"line":2,"column":49}},"1":{"start":{"line":4,"column":14},"end":{"line":8,"column":1}},"2":{"start":{"line":5,"column":14},"end":{"line":5,"column":52}},"3":{"start":{"line":6,"column":2},"end":{"line":6,"column":18}}},"fnMap":{"0":{"name":"(anonymous_0)","decl":{"start":{"line":4,"column":14},"end":{"line":4,"column":15}},"loc":{"start":{"line":4,"column":37},"end":{"line":8,"column":1}},"line":4}},"branchMap":{},"s":{"0":1,"1":1,"2":0,"3":0},"f":{"0":0},"b":{},"_coverageSchema":"1a1c01bbd47fc00a2c39e90264f33305004495a9","hash":"6531a4201c49a9801f446b0ed6255888e2f9b260"}
,"/home/jcyl/projects/long-distance-friends/long-distance-friends-client/src/services/meetingService.js": {"path":"/home/jcyl/projects/long-distance-friends/long-distance-friends-client/src/services/meetingService.js","statementMap":{"0":{"start":{"line":2,"column":16},"end":{"line":2,"column":52}},"1":{"start":{"line":4,"column":19},"end":{"line":7,"column":1}},"2":{"start":{"line":5,"column":14},"end":{"line":5,"column":49}},"3":{"start":{"line":6,"column":2},"end":{"line":6,"column":18}},"4":{"start":{"line":9,"column":22},"end":{"line":16,"column":1}},"5":{"start":{"line":10,"column":17},"end":{"line":12,"column":3}},"6":{"start":{"line":14,"column":14},"end":{"line":14,"column":60}},"7":{"start":{"line":15,"column":2},"end":{"line":15,"column":18}},"8":{"start":{"line":18,"column":22},"end":{"line":25,"column":1}},"9":{"start":{"line":19,"column":17},"end":{"line":21,"column":3}},"10":{"start":{"line":23,"column":14},"end":{"line":23,"column":60}},"11":{"start":{"line":24,"column":2},"end":{"line":24,"column":18}}},"fnMap":{"0":{"name":"(anonymous_0)","decl":{"start":{"line":4,"column":19},"end":{"line":4,"column":20}},"loc":{"start":{"line":4,"column":33},"end":{"line":7,"column":1}},"line":4},"1":{"name":"(anonymous_1)","decl":{"start":{"line":9,"column":22},"end":{"line":9,"column":23}},"loc":{"start":{"line":9,"column":52},"end":{"line":16,"column":1}},"line":9},"2":{"name":"(anonymous_2)","decl":{"start":{"line":18,"column":22},"end":{"line":18,"column":23}},"loc":{"start":{"line":18,"column":43},"end":{"line":25,"column":1}},"line":18}},"branchMap":{},"s":{"0":1,"1":1,"2":0,"3":0,"4":1,"5":0,"6":0,"7":0,"8":1,"9":0,"10":0,"11":0},"f":{"0":0,"1":0,"2":0},"b":{},"_coverageSchema":"1a1c01bbd47fc00a2c39e90264f33305004495a9","hash":"a0e0b9f85cc722a9dc32a62dfe1724fb840c66db"}
,"/home/jcyl/projects/long-distance-friends/long-distance-friends-client/src/services/usersService.js": {"path":"/home/jcyl/projects/long-distance-friends/long-distance-friends-client/src/services/usersService.js","statementMap":{"0":{"start":{"line":2,"column":16},"end":{"line":2,"column":43}},"1":{"start":{"line":4,"column":16},"end":{"line":12,"column":1}},"2":{"start":{"line":5,"column":2},"end":{"line":11,"column":3}},"3":{"start":{"line":6,"column":16},"end":{"line":6,"column":57}},"4":{"start":{"line":7,"column":4},"end":{"line":7,"column":20}},"5":{"start":{"line":10,"column":4},"end":{"line":10,"column":23}},"6":{"start":{"line":14,"column":19},"end":{"line":22,"column":1}},"7":{"start":{"line":15,"column":2},"end":{"line":21,"column":3}},"8":{"start":{"line":16,"column":16},"end":{"line":16,"column":54}},"9":{"start":{"line":17,"column":4},"end":{"line":17,"column":20}},"10":{"start":{"line":20,"column":4},"end":{"line":20,"column":23}},"11":{"start":{"line":24,"column":24},"end":{"line":32,"column":1}},"12":{"start":{"line":25,"column":2},"end":{"line":31,"column":3}},"13":{"start":{"line":26,"column":16},"end":{"line":26,"column":50}},"14":{"start":{"line":27,"column":4},"end":{"line":27,"column":20}},"15":{"start":{"line":30,"column":4},"end":{"line":30,"column":23}}},"fnMap":{"0":{"name":"(anonymous_0)","decl":{"start":{"line":4,"column":16},"end":{"line":4,"column":17}},"loc":{"start":{"line":4,"column":30},"end":{"line":12,"column":1}},"line":4},"1":{"name":"(anonymous_1)","decl":{"start":{"line":14,"column":19},"end":{"line":14,"column":20}},"loc":{"start":{"line":14,"column":42},"end":{"line":22,"column":1}},"line":14},"2":{"name":"(anonymous_2)","decl":{"start":{"line":24,"column":24},"end":{"line":24,"column":25}},"loc":{"start":{"line":24,"column":43},"end":{"line":32,"column":1}},"line":24}},"branchMap":{},"s":{"0":1,"1":1,"2":0,"3":0,"4":0,"5":0,"6":1,"7":0,"8":0,"9":0,"10":0,"11":1,"12":0,"13":0,"14":0,"15":0},"f":{"0":0,"1":0,"2":0},"b":{},"_coverageSchema":"1a1c01bbd47fc00a2c39e90264f33305004495a9","hash":"5bbb4d24fda1fd8d2676b2b649c5a04c842de80f"}
}
